Build started 18/11/2015 17:23:04.
     1>Project "C:\Users\francisco\Documents\GitHub\Zutria-client\vc12\otclient.vcxproj" on node 2 (Build target(s)).
     1>ClCompile:
         C:\Program Files (x86)\Microsoft Visual Studio 12.0\VC\bin\CL.exe /c /I"C:\Users\francisco\Documents\ot server\client\otclient-master\vc12" /I"C:\Users\francisco\Documents\ot server\client\otclient-master\src" /I"C:\Users\francisco\Documents\ot server\client\otclient-msvc13-libs\zlib-1.2.5\include" /I"C:\Users\francisco\Documents\ot server\client\otclient-msvc13-libs\physfs-2.0.3\include" /I"C:\Users\francisco\Documents\ot server\client\otclient-msvc13-libs\OpenSSL-1.0.1e\include" /I"C:\Users\francisco\Documents\ot server\client\otclient-msvc13-libs\OpenAL\include" /I"C:\Users\francisco\Documents\ot server\client\otclient-msvc13-libs\LuaJIT-2.0.2\include" /I"C:\Users\francisco\Documents\ot server\client\otclient-msvc13-libs\libvorbis-1.3.3\include" /I"C:\Users\francisco\Documents\ot server\client\otclient-msvc13-libs\libogg-1.3.1\include" /I"C:\Users\francisco\Documents\ot server\client\otclient-msvc13-libs\glew-1.10.0\include" /I"C:\Users\francisco\Documents\ot server\client\otclient-msvc13-libs\boost_1_55_0\include" /ZI /nologo /W3 /WX- /sdl /Od /Oy- /D WIN32 /D _WINSOCK_DEPRECATED_NO_WARNINGS /D _CRT_SECURE_NO_WARNINGS /D _WIN32_WINNT=0x0501 /D BOT_PROTECTION /D CLIENT /D CRASH_HANDLER /D FW_GRAPHICS /D FW_NET /D FW_SOUND /D FW_XML /D "BUILD_TYPE=\"RelWithDebInfo\"" /D "BUILD_COMMIT=\"devel\"" /D "BUILD_REVISION=\"0\"" /D "VERSION=\"0.6.3\"" /D "BUILD_REVISION=\\\"0\\\"" /D "VERSION=\\\"0.6.3\\\"" /D _MBCS /Gm /EHsc /RTC1 /MDd /GS /fp:precise /Zc:wchar_t /Zc:forScope /Fo"Debug\\Win32\src\..\src\client\\" /Fd"Debug\vc120.pdb" /Gd /TP /analyze- /errorReport:prompt ..\src\client\animatedtext.cpp ..\src\client\client.cpp ..\src\client\container.cpp ..\src\client\creature.cpp ..\src\client\creatures.cpp ..\src\client\effect.cpp ..\src\client\game.cpp ..\src\client\houses.cpp ..\src\client\item.cpp ..\src\client\itemtype.cpp ..\src\client\localplayer.cpp ..\src\client\luafunctions.cpp ..\src\client\luavaluecasts.cpp ..\src\client\map.cpp ..\src\client\mapio.cpp ..\src\client\mapview.cpp ..\src\client\minimap.cpp ..\src\client\missile.cpp ..\src\client\player.cpp ..\src\client\protocolgame.cpp ..\src\client\protocolgameparse.cpp ..\src\client\protocolgamesend.cpp ..\src\client\spritemanager.cpp ..\src\client\statictext.cpp ..\src\client\thing.cpp ..\src\client\thingtype.cpp ..\src\client\thingtypemanager.cpp ..\src\client\tile.cpp ..\src\client\uicreature.cpp ..\src\client\uiitem.cpp ..\src\client\uimap.cpp ..\src\client\uiminimap.cpp ..\src\client\uiprogressrect.cpp
         uiprogressrect.cpp
     1>c:\program files (x86)\microsoft visual studio 12.0\vc\include\xutility(2132): error C4996: 'std::_Copy_impl': Function call with parameters that may be unsafe - this call relies on the caller to check that the passed values are correct. To disable this warning, use -D_SCL_SECURE_NO_WARNINGS. See documentation on how to use Visual C++ 'Checked Iterators'
                 c:\program files (x86)\microsoft visual studio 12.0\vc\include\xutility(2113) : see declaration of 'std::_Copy_impl'
                 c:\users\francisco\documents\ot server\client\otclient-master\src\framework\stdext\packed_storage.h(56) : see reference to function template instantiation '_OutIt std::copy<stdext::packed_storage<uint8,uint8>::value_pair*,stdext::packed_storage<uint8,uint8>::value_pair*>(_InIt,_InIt,_OutIt)' being compiled
                 with
                 [
                     _OutIt=stdext::packed_storage<uint8,uint8>::value_pair *
         ,            _InIt=stdext::packed_storage<uint8,uint8>::value_pair *
                 ]
                 c:\users\francisco\documents\github\zutria-client\src\client\item.h(106) : see reference to function template instantiation 'void stdext::packed_storage<uint8,uint8>::set<uint16>(Key,const T &)' being compiled
                 with
                 [
                     Key=uint8
         ,            T=uint16
                 ]
                 c:\users\francisco\documents\github\zutria-client\src\client\item.h(106) : see reference to function template instantiation 'void stdext::packed_storage<uint8,uint8>::set<uint16>(Key,const T &)' being compiled
                 with
                 [
                     Key=uint8
         ,            T=uint16
                 ]
         uiminimap.cpp
     1>c:\program files (x86)\microsoft visual studio 12.0\vc\include\xutility(2132): error C4996: 'std::_Copy_impl': Function call with parameters that may be unsafe - this call relies on the caller to check that the passed values are correct. To disable this warning, use -D_SCL_SECURE_NO_WARNINGS. See documentation on how to use Visual C++ 'Checked Iterators'
                 c:\program files (x86)\microsoft visual studio 12.0\vc\include\xutility(2113) : see declaration of 'std::_Copy_impl'
                 c:\users\francisco\documents\ot server\client\otclient-master\src\framework\stdext\packed_storage.h(56) : see reference to function template instantiation '_OutIt std::copy<stdext::packed_storage<uint8,uint8>::value_pair*,stdext::packed_storage<uint8,uint8>::value_pair*>(_InIt,_InIt,_OutIt)' being compiled
                 with
                 [
                     _OutIt=stdext::packed_storage<uint8,uint8>::value_pair *
         ,            _InIt=stdext::packed_storage<uint8,uint8>::value_pair *
                 ]
                 c:\users\francisco\documents\github\zutria-client\src\client\item.h(106) : see reference to function template instantiation 'void stdext::packed_storage<uint8,uint8>::set<uint16>(Key,const T &)' being compiled
                 with
                 [
                     Key=uint8
         ,            T=uint16
                 ]
                 c:\users\francisco\documents\github\zutria-client\src\client\item.h(106) : see reference to function template instantiation 'void stdext::packed_storage<uint8,uint8>::set<uint16>(Key,const T &)' being compiled
                 with
                 [
                     Key=uint8
         ,            T=uint16
                 ]
         uimap.cpp
     1>c:\program files (x86)\microsoft visual studio 12.0\vc\include\xutility(2132): error C4996: 'std::_Copy_impl': Function call with parameters that may be unsafe - this call relies on the caller to check that the passed values are correct. To disable this warning, use -D_SCL_SECURE_NO_WARNINGS. See documentation on how to use Visual C++ 'Checked Iterators'
                 c:\program files (x86)\microsoft visual studio 12.0\vc\include\xutility(2113) : see declaration of 'std::_Copy_impl'
                 c:\users\francisco\documents\ot server\client\otclient-master\src\framework\stdext\packed_storage.h(71) : see reference to function template instantiation '_OutIt std::copy<stdext::packed_storage<uint8,uint8>::value_pair*,stdext::packed_storage<uint8,uint8>::value_pair*>(_InIt,_InIt,_OutIt)' being compiled
                 with
                 [
                     _OutIt=stdext::packed_storage<uint8,uint8>::value_pair *
         ,            _InIt=stdext::packed_storage<uint8,uint8>::value_pair *
                 ]
                 c:\users\francisco\documents\ot server\client\otclient-master\src\framework\stdext\packed_storage.h(63) : while compiling class template member function 'bool stdext::packed_storage<uint8,uint8>::remove(Key)'
                 with
                 [
                     Key=uint8
                 ]
                 c:\users\francisco\documents\github\zutria-client\src\client\map.h(160) : see reference to function template instantiation 'bool stdext::packed_storage<uint8,uint8>::remove(Key)' being compiled
                 with
                 [
                     Key=uint8
                 ]
                 c:\users\francisco\documents\github\zutria-client\src\client\item.h(157) : see reference to class template instantiation 'stdext::packed_storage<uint8,uint8>' being compiled
         uiitem.cpp
     1>c:\program files (x86)\microsoft visual studio 12.0\vc\include\xutility(2132): error C4996: 'std::_Copy_impl': Function call with parameters that may be unsafe - this call relies on the caller to check that the passed values are correct. To disable this warning, use -D_SCL_SECURE_NO_WARNINGS. See documentation on how to use Visual C++ 'Checked Iterators'
                 c:\program files (x86)\microsoft visual studio 12.0\vc\include\xutility(2113) : see declaration of 'std::_Copy_impl'
                 c:\users\francisco\documents\ot server\client\otclient-master\src\framework\stdext\packed_storage.h(56) : see reference to function template instantiation '_OutIt std::copy<stdext::packed_storage<uint8,uint8>::value_pair*,stdext::packed_storage<uint8,uint8>::value_pair*>(_InIt,_InIt,_OutIt)' being compiled
                 with
                 [
                     _OutIt=stdext::packed_storage<uint8,uint8>::value_pair *
         ,            _InIt=stdext::packed_storage<uint8,uint8>::value_pair *
                 ]
                 c:\users\francisco\documents\github\zutria-client\src\client\item.h(106) : see reference to function template instantiation 'void stdext::packed_storage<uint8,uint8>::set<uint16>(Key,const T &)' being compiled
                 with
                 [
                     Key=uint8
         ,            T=uint16
                 ]
                 c:\users\francisco\documents\github\zutria-client\src\client\item.h(106) : see reference to function template instantiation 'void stdext::packed_storage<uint8,uint8>::set<uint16>(Key,const T &)' being compiled
                 with
                 [
                     Key=uint8
         ,            T=uint16
                 ]
         uicreature.cpp
     1>c:\program files (x86)\microsoft visual studio 12.0\vc\include\xutility(2132): error C4996: 'std::_Copy_impl': Function call with parameters that may be unsafe - this call relies on the caller to check that the passed values are correct. To disable this warning, use -D_SCL_SECURE_NO_WARNINGS. See documentation on how to use Visual C++ 'Checked Iterators'
                 c:\program files (x86)\microsoft visual studio 12.0\vc\include\xutility(2113) : see declaration of 'std::_Copy_impl'
                 c:\users\francisco\documents\ot server\client\otclient-master\src\framework\stdext\packed_storage.h(56) : see reference to function template instantiation '_OutIt std::copy<stdext::packed_storage<uint8,uint8>::value_pair*,stdext::packed_storage<uint8,uint8>::value_pair*>(_InIt,_InIt,_OutIt)' being compiled
                 with
                 [
                     _OutIt=stdext::packed_storage<uint8,uint8>::value_pair *
         ,            _InIt=stdext::packed_storage<uint8,uint8>::value_pair *
                 ]
                 c:\users\francisco\documents\github\zutria-client\src\client\item.h(106) : see reference to function template instantiation 'void stdext::packed_storage<uint8,uint8>::set<uint16>(Key,const T &)' being compiled
                 with
                 [
                     Key=uint8
         ,            T=uint16
                 ]
                 c:\users\francisco\documents\github\zutria-client\src\client\item.h(106) : see reference to function template instantiation 'void stdext::packed_storage<uint8,uint8>::set<uint16>(Key,const T &)' being compiled
                 with
                 [
                     Key=uint8
         ,            T=uint16
                 ]
         tile.cpp
     1>c:\program files (x86)\microsoft visual studio 12.0\vc\include\xutility(2132): error C4996: 'std::_Copy_impl': Function call with parameters that may be unsafe - this call relies on the caller to check that the passed values are correct. To disable this warning, use -D_SCL_SECURE_NO_WARNINGS. See documentation on how to use Visual C++ 'Checked Iterators'
                 c:\program files (x86)\microsoft visual studio 12.0\vc\include\xutility(2113) : see declaration of 'std::_Copy_impl'
                 c:\users\francisco\documents\ot server\client\otclient-master\src\framework\stdext\packed_storage.h(71) : see reference to function template instantiation '_OutIt std::copy<stdext::packed_storage<uint8,uint8>::value_pair*,stdext::packed_storage<uint8,uint8>::value_pair*>(_InIt,_InIt,_OutIt)' being compiled
                 with
                 [
                     _OutIt=stdext::packed_storage<uint8,uint8>::value_pair *
         ,            _InIt=stdext::packed_storage<uint8,uint8>::value_pair *
                 ]
                 c:\users\francisco\documents\ot server\client\otclient-master\src\framework\stdext\packed_storage.h(63) : while compiling class template member function 'bool stdext::packed_storage<uint8,uint8>::remove(Key)'
                 with
                 [
                     Key=uint8
                 ]
                 c:\users\francisco\documents\github\zutria-client\src\client\map.h(160) : see reference to function template instantiation 'bool stdext::packed_storage<uint8,uint8>::remove(Key)' being compiled
                 with
                 [
                     Key=uint8
                 ]
                 c:\users\francisco\documents\github\zutria-client\src\client\item.h(157) : see reference to class template instantiation 'stdext::packed_storage<uint8,uint8>' being compiled
         thingtypemanager.cpp
     1>c:\program files (x86)\microsoft visual studio 12.0\vc\include\xutility(2132): error C4996: 'std::_Copy_impl': Function call with parameters that may be unsafe - this call relies on the caller to check that the passed values are correct. To disable this warning, use -D_SCL_SECURE_NO_WARNINGS. See documentation on how to use Visual C++ 'Checked Iterators'
                 c:\program files (x86)\microsoft visual studio 12.0\vc\include\xutility(2113) : see declaration of 'std::_Copy_impl'
                 c:\users\francisco\documents\ot server\client\otclient-master\src\framework\stdext\packed_storage.h(56) : see reference to function template instantiation '_OutIt std::copy<stdext::packed_storage<uint8,uint8>::value_pair*,stdext::packed_storage<uint8,uint8>::value_pair*>(_InIt,_InIt,_OutIt)' being compiled
                 with
                 [
                     _OutIt=stdext::packed_storage<uint8,uint8>::value_pair *
         ,            _InIt=stdext::packed_storage<uint8,uint8>::value_pair *
                 ]
                 c:\users\francisco\documents\github\zutria-client\src\client\item.h(106) : see reference to function template instantiation 'void stdext::packed_storage<uint8,uint8>::set<uint16>(Key,const T &)' being compiled
                 with
                 [
                     Key=uint8
         ,            T=uint16
                 ]
                 c:\users\francisco\documents\github\zutria-client\src\client\item.h(106) : see reference to function template instantiation 'void stdext::packed_storage<uint8,uint8>::set<uint16>(Key,const T &)' being compiled
                 with
                 [
                     Key=uint8
         ,            T=uint16
                 ]
         thingtype.cpp
     1>c:\program files (x86)\microsoft visual studio 12.0\vc\include\xutility(2132): error C4996: 'std::_Copy_impl': Function call with parameters that may be unsafe - this call relies on the caller to check that the passed values are correct. To disable this warning, use -D_SCL_SECURE_NO_WARNINGS. See documentation on how to use Visual C++ 'Checked Iterators'
                 c:\program files (x86)\microsoft visual studio 12.0\vc\include\xutility(2113) : see declaration of 'std::_Copy_impl'
                 c:\users\francisco\documents\ot server\client\otclient-master\src\framework\stdext\packed_storage.h(56) : see reference to function template instantiation '_OutIt std::copy<stdext::packed_storage<uint8,uint8>::value_pair*,stdext::packed_storage<uint8,uint8>::value_pair*>(_InIt,_InIt,_OutIt)' being compiled
                 with
                 [
                     _OutIt=stdext::packed_storage<uint8,uint8>::value_pair *
         ,            _InIt=stdext::packed_storage<uint8,uint8>::value_pair *
                 ]
                 c:\users\francisco\documents\github\zutria-client\src\client\item.h(106) : see reference to function template instantiation 'void stdext::packed_storage<uint8,uint8>::set<uint16>(Key,const T &)' being compiled
                 with
                 [
                     Key=uint8
         ,            T=uint16
                 ]
                 c:\users\francisco\documents\github\zutria-client\src\client\item.h(106) : see reference to function template instantiation 'void stdext::packed_storage<uint8,uint8>::set<uint16>(Key,const T &)' being compiled
                 with
                 [
                     Key=uint8
         ,            T=uint16
                 ]
         thing.cpp
     1>c:\program files (x86)\microsoft visual studio 12.0\vc\include\xutility(2132): error C4996: 'std::_Copy_impl': Function call with parameters that may be unsafe - this call relies on the caller to check that the passed values are correct. To disable this warning, use -D_SCL_SECURE_NO_WARNINGS. See documentation on how to use Visual C++ 'Checked Iterators'
                 c:\program files (x86)\microsoft visual studio 12.0\vc\include\xutility(2113) : see declaration of 'std::_Copy_impl'
                 c:\users\francisco\documents\ot server\client\otclient-master\src\framework\stdext\packed_storage.h(71) : see reference to function template instantiation '_OutIt std::copy<stdext::packed_storage<uint8,uint8>::value_pair*,stdext::packed_storage<uint8,uint8>::value_pair*>(_InIt,_InIt,_OutIt)' being compiled
                 with
                 [
                     _OutIt=stdext::packed_storage<uint8,uint8>::value_pair *
         ,            _InIt=stdext::packed_storage<uint8,uint8>::value_pair *
                 ]
                 c:\users\francisco\documents\ot server\client\otclient-master\src\framework\stdext\packed_storage.h(63) : while compiling class template member function 'bool stdext::packed_storage<uint8,uint8>::remove(Key)'
                 with
                 [
                     Key=uint8
                 ]
                 c:\users\francisco\documents\github\zutria-client\src\client\map.h(160) : see reference to function template instantiation 'bool stdext::packed_storage<uint8,uint8>::remove(Key)' being compiled
                 with
                 [
                     Key=uint8
                 ]
                 c:\users\francisco\documents\github\zutria-client\src\client\item.h(157) : see reference to class template instantiation 'stdext::packed_storage<uint8,uint8>' being compiled
         statictext.cpp
     1>c:\program files (x86)\microsoft visual studio 12.0\vc\include\xutility(2132): error C4996: 'std::_Copy_impl': Function call with parameters that may be unsafe - this call relies on the caller to check that the passed values are correct. To disable this warning, use -D_SCL_SECURE_NO_WARNINGS. See documentation on how to use Visual C++ 'Checked Iterators'
                 c:\program files (x86)\microsoft visual studio 12.0\vc\include\xutility(2113) : see declaration of 'std::_Copy_impl'
                 c:\users\francisco\documents\ot server\client\otclient-master\src\framework\stdext\packed_storage.h(71) : see reference to function template instantiation '_OutIt std::copy<stdext::packed_storage<uint8,uint8>::value_pair*,stdext::packed_storage<uint8,uint8>::value_pair*>(_InIt,_InIt,_OutIt)' being compiled
                 with
                 [
                     _OutIt=stdext::packed_storage<uint8,uint8>::value_pair *
         ,            _InIt=stdext::packed_storage<uint8,uint8>::value_pair *
                 ]
                 c:\users\francisco\documents\ot server\client\otclient-master\src\framework\stdext\packed_storage.h(63) : while compiling class template member function 'bool stdext::packed_storage<uint8,uint8>::remove(Key)'
                 with
                 [
                     Key=uint8
                 ]
                 c:\users\francisco\documents\github\zutria-client\src\client\map.h(160) : see reference to function template instantiation 'bool stdext::packed_storage<uint8,uint8>::remove(Key)' being compiled
                 with
                 [
                     Key=uint8
                 ]
                 c:\users\francisco\documents\github\zutria-client\src\client\item.h(157) : see reference to class template instantiation 'stdext::packed_storage<uint8,uint8>' being compiled
         spritemanager.cpp
     1>c:\program files (x86)\microsoft visual studio 12.0\vc\include\xutility(2132): error C4996: 'std::_Copy_impl': Function call with parameters that may be unsafe - this call relies on the caller to check that the passed values are correct. To disable this warning, use -D_SCL_SECURE_NO_WARNINGS. See documentation on how to use Visual C++ 'Checked Iterators'
                 c:\program files (x86)\microsoft visual studio 12.0\vc\include\xutility(2113) : see declaration of 'std::_Copy_impl'
                 c:\users\francisco\documents\ot server\client\otclient-master\src\framework\stdext\packed_storage.h(56) : see reference to function template instantiation '_OutIt std::copy<stdext::packed_storage<uint8,uint8>::value_pair*,stdext::packed_storage<uint8,uint8>::value_pair*>(_InIt,_InIt,_OutIt)' being compiled
                 with
                 [
                     _OutIt=stdext::packed_storage<uint8,uint8>::value_pair *
         ,            _InIt=stdext::packed_storage<uint8,uint8>::value_pair *
                 ]
                 c:\users\francisco\documents\github\zutria-client\src\client\item.h(106) : see reference to function template instantiation 'void stdext::packed_storage<uint8,uint8>::set<uint16>(Key,const T &)' being compiled
                 with
                 [
                     Key=uint8
         ,            T=uint16
                 ]
                 c:\users\francisco\documents\github\zutria-client\src\client\item.h(106) : see reference to function template instantiation 'void stdext::packed_storage<uint8,uint8>::set<uint16>(Key,const T &)' being compiled
                 with
                 [
                     Key=uint8
         ,            T=uint16
                 ]
         protocolgamesend.cpp
     1>c:\users\francisco\documents\ot server\client\otclient-master\src\framework\core\application.h(58): error C2001: newline in constant
     1>c:\users\francisco\documents\ot server\client\otclient-master\src\framework\core\graphicalapplication.h(32): error C2504: 'Application' : base class undefined
     1>c:\users\francisco\documents\ot server\client\otclient-master\src\framework\core\graphicalapplication.h(70): error C2071: 'Application::g_app' : illegal storage class
     1>c:\users\francisco\documents\ot server\client\otclient-master\src\framework\platform\platform.h(51): error C2071: 'Application::g_platform' : illegal storage class
     1>c:\users\francisco\documents\ot server\client\otclient-msvc13-libs\boost_1_55_0\include\boost\uuid\uuid.hpp(57): error C2059: syntax error : 'namespace'
     1>c:\users\francisco\documents\ot server\client\otclient-msvc13-libs\boost_1_55_0\include\boost\uuid\uuid.hpp(57): error C2334: unexpected token(s) preceding '{'; skipping apparent function body
     1>c:\users\francisco\documents\ot server\client\otclient-msvc13-libs\boost_1_55_0\include\boost\uuid\uuid.hpp(209): error C2059: syntax error : 'namespace'
     1>c:\users\francisco\documents\ot server\client\otclient-msvc13-libs\boost_1_55_0\include\boost\uuid\uuid.hpp(209): error C2334: unexpected token(s) preceding '{'; skipping apparent function body
     1>c:\users\francisco\documents\ot server\client\otclient-master\src\framework\util\crypt.h(64): error C3083: 'uuids': the symbol to the left of a '::' must be a type
     1>c:\users\francisco\documents\ot server\client\otclient-master\src\framework\util\crypt.h(64): error C2039: 'uuid' : is not a member of 'boost'
     1>c:\users\francisco\documents\ot server\client\otclient-master\src\framework\util\crypt.h(64): error C2146: syntax error : missing ';' before identifier 'm_machineUUID'
     1>c:\users\francisco\documents\ot server\client\otclient-master\src\framework\util\crypt.h(64): error C4430: missing type specifier - int assumed. Note: C++ does not support default-int
     1>c:\users\francisco\documents\ot server\client\otclient-master\src\framework\util\crypt.h(68): error C2071: 'Application::g_crypt' : illegal storage class
     1>c:\users\francisco\documents\github\zutria-client\src\client\protocolgamesend.cpp(31): error C3254: 'Application' : class contains explicit override 'send' but does not derive from an interface that contains the function declaration
     1>c:\users\francisco\documents\github\zutria-client\src\client\protocolgamesend.cpp(31): error C2838: 'send' : illegal qualified name in member declaration
     1>c:\users\francisco\documents\github\zutria-client\src\client\protocolgamesend.cpp(39): error C3254: 'Application' : class contains explicit override 'sendExtendedOpcode' but does not derive from an interface that contains the function declaration
     1>c:\users\francisco\documents\github\zutria-client\src\client\protocolgamesend.cpp(39): error C2838: 'sendExtendedOpcode' : illegal qualified name in member declaration
     1>c:\users\francisco\documents\github\zutria-client\src\client\protocolgamesend.cpp(52): error C3254: 'Application' : class contains explicit override 'sendLoginPacket' but does not derive from an interface that contains the function declaration
     1>c:\users\francisco\documents\github\zutria-client\src\client\protocolgamesend.cpp(52): error C2838: 'sendLoginPacket' : illegal qualified name in member declaration
     1>c:\users\francisco\documents\github\zutria-client\src\client\protocolgamesend.cpp(126): error C3254: 'Application' : class contains explicit override 'sendEnterGame' but does not derive from an interface that contains the function declaration
     1>c:\users\francisco\documents\github\zutria-client\src\client\protocolgamesend.cpp(126): error C2838: 'sendEnterGame' : illegal qualified name in member declaration
     1>c:\users\francisco\documents\github\zutria-client\src\client\protocolgamesend.cpp(133): error C3254: 'Application' : class contains explicit override 'sendLogout' but does not derive from an interface that contains the function declaration
     1>c:\users\francisco\documents\github\zutria-client\src\client\protocolgamesend.cpp(133): error C2838: 'sendLogout' : illegal qualified name in member declaration
     1>c:\users\francisco\documents\github\zutria-client\src\client\protocolgamesend.cpp(140): error C3254: 'Application' : class contains explicit override 'sendPing' but does not derive from an interface that contains the function declaration
     1>c:\users\francisco\documents\github\zutria-client\src\client\protocolgamesend.cpp(140): error C2838: 'sendPing' : illegal qualified name in member declaration
     1>c:\users\francisco\documents\github\zutria-client\src\client\protocolgamesend.cpp(151): error C3254: 'Application' : class contains explicit override 'sendPingBack' but does not derive from an interface that contains the function declaration
     1>c:\users\francisco\documents\github\zutria-client\src\client\protocolgamesend.cpp(151): error C2838: 'sendPingBack' : illegal qualified name in member declaration
     1>c:\users\francisco\documents\github\zutria-client\src\client\protocolgamesend.cpp(158): error C3254: 'Application' : class contains explicit override 'sendAutoWalk' but does not derive from an interface that contains the function declaration
     1>c:\users\francisco\documents\github\zutria-client\src\client\protocolgamesend.cpp(158): error C2838: 'sendAutoWalk' : illegal qualified name in member declaration
     1>c:\users\francisco\documents\github\zutria-client\src\client\protocolgamesend.cpp(199): error C3254: 'Application' : class contains explicit override 'sendWalkNorth' but does not derive from an interface that contains the function declaration
     1>c:\users\francisco\documents\github\zutria-client\src\client\protocolgamesend.cpp(199): error C2838: 'sendWalkNorth' : illegal qualified name in member declaration
     1>c:\users\francisco\documents\github\zutria-client\src\client\protocolgamesend.cpp(206): error C3254: 'Application' : class contains explicit override 'sendWalkEast' but does not derive from an interface that contains the function declaration
     1>c:\users\francisco\documents\github\zutria-client\src\client\protocolgamesend.cpp(206): error C2838: 'sendWalkEast' : illegal qualified name in member declaration
     1>c:\users\francisco\documents\github\zutria-client\src\client\protocolgamesend.cpp(213): error C3254: 'Application' : class contains explicit override 'sendWalkSouth' but does not derive from an interface that contains the function declaration
     1>c:\users\francisco\documents\github\zutria-client\src\client\protocolgamesend.cpp(213): error C2838: 'sendWalkSouth' : illegal qualified name in member declaration
     1>c:\users\francisco\documents\github\zutria-client\src\client\protocolgamesend.cpp(220): error C3254: 'Application' : class contains explicit override 'sendWalkWest' but does not derive from an interface that contains the function declaration
     1>c:\users\francisco\documents\github\zutria-client\src\client\protocolgamesend.cpp(220): error C2838: 'sendWalkWest' : illegal qualified name in member declaration
     1>c:\users\francisco\documents\github\zutria-client\src\client\protocolgamesend.cpp(227): error C3254: 'Application' : class contains explicit override 'sendStop' but does not derive from an interface that contains the function declaration
     1>c:\users\francisco\documents\github\zutria-client\src\client\protocolgamesend.cpp(227): error C2838: 'sendStop' : illegal qualified name in member declaration
     1>c:\users\francisco\documents\github\zutria-client\src\client\protocolgamesend.cpp(234): error C3254: 'Application' : class contains explicit override 'sendWalkNorthEast' but does not derive from an interface that contains the function declaration
     1>c:\users\francisco\documents\github\zutria-client\src\client\protocolgamesend.cpp(234): error C2838: 'sendWalkNorthEast' : illegal qualified name in member declaration
     1>c:\users\francisco\documents\github\zutria-client\src\client\protocolgamesend.cpp(241): error C3254: 'Application' : class contains explicit override 'sendWalkSouthEast' but does not derive from an interface that contains the function declaration
     1>c:\users\francisco\documents\github\zutria-client\src\client\protocolgamesend.cpp(241): error C2838: 'sendWalkSouthEast' : illegal qualified name in member declaration
     1>c:\users\francisco\documents\github\zutria-client\src\client\protocolgamesend.cpp(248): error C3254: 'Application' : class contains explicit override 'sendWalkSouthWest' but does not derive from an interface that contains the function declaration
     1>c:\users\francisco\documents\github\zutria-client\src\client\protocolgamesend.cpp(248): error C2838: 'sendWalkSouthWest' : illegal qualified name in member declaration
     1>c:\users\francisco\documents\github\zutria-client\src\client\protocolgamesend.cpp(255): error C3254: 'Application' : class contains explicit override 'sendWalkNorthWest' but does not derive from an interface that contains the function declaration
     1>c:\users\francisco\documents\github\zutria-client\src\client\protocolgamesend.cpp(255): error C2838: 'sendWalkNorthWest' : illegal qualified name in member declaration
     1>c:\users\francisco\documents\github\zutria-client\src\client\protocolgamesend.cpp(262): error C3254: 'Application' : class contains explicit override 'sendTurnNorth' but does not derive from an interface that contains the function declaration
     1>c:\users\francisco\documents\github\zutria-client\src\client\protocolgamesend.cpp(262): error C2838: 'sendTurnNorth' : illegal qualified name in member declaration
     1>c:\users\francisco\documents\github\zutria-client\src\client\protocolgamesend.cpp(269): error C3254: 'Application' : class contains explicit override 'sendTurnEast' but does not derive from an interface that contains the function declaration
     1>c:\users\francisco\documents\github\zutria-client\src\client\protocolgamesend.cpp(269): error C2838: 'sendTurnEast' : illegal qualified name in member declaration
     1>c:\users\francisco\documents\github\zutria-client\src\client\protocolgamesend.cpp(276): error C3254: 'Application' : class contains explicit override 'sendTurnSouth' but does not derive from an interface that contains the function declaration
     1>c:\users\francisco\documents\github\zutria-client\src\client\protocolgamesend.cpp(276): error C2838: 'sendTurnSouth' : illegal qualified name in member declaration
     1>c:\users\francisco\documents\github\zutria-client\src\client\protocolgamesend.cpp(283): error C3254: 'Application' : class contains explicit override 'sendTurnWest' but does not derive from an interface that contains the function declaration
     1>c:\users\francisco\documents\github\zutria-client\src\client\protocolgamesend.cpp(283): error C2838: 'sendTurnWest' : illegal qualified name in member declaration
     1>c:\users\francisco\documents\github\zutria-client\src\client\protocolgamesend.cpp(290): error C3254: 'Application' : class contains explicit override 'sendEquipItem' but does not derive from an interface that contains the function declaration
     1>c:\users\francisco\documents\github\zutria-client\src\client\protocolgamesend.cpp(290): error C2838: 'sendEquipItem' : illegal qualified name in member declaration
     1>c:\users\francisco\documents\github\zutria-client\src\client\protocolgamesend.cpp(299): error C3254: 'Application' : class contains explicit override 'sendMove' but does not derive from an interface that contains the function declaration
     1>c:\users\francisco\documents\github\zutria-client\src\client\protocolgamesend.cpp(299): error C2838: 'sendMove' : illegal qualified name in member declaration
     1>c:\users\francisco\documents\github\zutria-client\src\client\protocolgamesend.cpp(311): error C3254: 'Application' : class contains explicit override 'sendInspectNpcTrade' but does not derive from an interface that contains the function declaration
     1>c:\users\francisco\documents\github\zutria-client\src\client\protocolgamesend.cpp(311): error C2838: 'sendInspectNpcTrade' : illegal qualified name in member declaration
     1>c:\users\francisco\documents\github\zutria-client\src\client\protocolgamesend.cpp(320): error C3254: 'Application' : class contains explicit override 'sendBuyItem' but does not derive from an interface that contains the function declaration
     1>c:\users\francisco\documents\github\zutria-client\src\client\protocolgamesend.cpp(320): error C2838: 'sendBuyItem' : illegal qualified name in member declaration
     1>c:\users\francisco\documents\github\zutria-client\src\client\protocolgamesend.cpp(332): error C3254: 'Application' : class contains explicit override 'sendSellItem' but does not derive from an interface that contains the function declaration
     1>c:\users\francisco\documents\github\zutria-client\src\client\protocolgamesend.cpp(332): error C2838: 'sendSellItem' : illegal qualified name in member declaration
     1>c:\users\francisco\documents\github\zutria-client\src\client\protocolgamesend.cpp(346): error C3254: 'Application' : class contains explicit override 'sendCloseNpcTrade' but does not derive from an interface that contains the function declaration
     1>c:\users\francisco\documents\github\zutria-client\src\client\protocolgamesend.cpp(346): error C2838: 'sendCloseNpcTrade' : illegal qualified name in member declaration
     1>c:\users\francisco\documents\github\zutria-client\src\client\protocolgamesend.cpp(353): error C3254: 'Application' : class contains explicit override 'sendRequestTrade' but does not derive from an interface that contains the function declaration
     1>c:\users\francisco\documents\github\zutria-client\src\client\protocolgamesend.cpp(353): error C2838: 'sendRequestTrade' : illegal qualified name in member declaration
     1>c:\users\francisco\documents\github\zutria-client\src\client\protocolgamesend.cpp(364): error C3254: 'Application' : class contains explicit override 'sendInspectTrade' but does not derive from an interface that contains the function declaration
     1>c:\users\francisco\documents\github\zutria-client\src\client\protocolgamesend.cpp(364): error C2838: 'sendInspectTrade' : illegal qualified name in member declaration
     1>c:\users\francisco\documents\github\zutria-client\src\client\protocolgamesend.cpp(373): error C3254: 'Application' : class contains explicit override 'sendAcceptTrade' but does not derive from an interface that contains the function declaration
     1>c:\users\francisco\documents\github\zutria-client\src\client\protocolgamesend.cpp(373): error C2838: 'sendAcceptTrade' : illegal qualified name in member declaration
     1>c:\users\francisco\documents\github\zutria-client\src\client\protocolgamesend.cpp(380): error C3254: 'Application' : class contains explicit override 'sendRejectTrade' but does not derive from an interface that contains the function declaration
     1>c:\users\francisco\documents\github\zutria-client\src\client\protocolgamesend.cpp(380): error C2838: 'sendRejectTrade' : illegal qualified name in member declaration
     1>c:\users\francisco\documents\github\zutria-client\src\client\protocolgamesend.cpp(387): error C3254: 'Application' : class contains explicit override 'sendUseItem' but does not derive from an interface that contains the function declaration
     1>c:\users\francisco\documents\github\zutria-client\src\client\protocolgamesend.cpp(387): error C2838: 'sendUseItem' : illegal qualified name in member declaration
     1>c:\users\francisco\documents\github\zutria-client\src\client\protocolgamesend.cpp(398): error C3254: 'Application' : class contains explicit override 'sendUseItemWith' but does not derive from an interface that contains the function declaration
     1>c:\users\francisco\documents\github\zutria-client\src\client\protocolgamesend.cpp(398): error C2838: 'sendUseItemWith' : illegal qualified name in member declaration
     1>c:\users\francisco\documents\github\zutria-client\src\client\protocolgamesend.cpp(411): error C3254: 'Application' : class contains explicit override 'sendUseOnCreature' but does not derive from an interface that contains the function declaration
     1>c:\users\francisco\documents\github\zutria-client\src\client\protocolgamesend.cpp(411): error C2838: 'sendUseOnCreature' : illegal qualified name in member declaration
     1>c:\users\francisco\documents\github\zutria-client\src\client\protocolgamesend.cpp(422): error C3254: 'Application' : class contains explicit override 'sendRotateItem' but does not derive from an interface that contains the function declaration
     1>c:\users\francisco\documents\github\zutria-client\src\client\protocolgamesend.cpp(422): error C2838: 'sendRotateItem' : illegal qualified name in member declaration
     1>c:\users\francisco\documents\github\zutria-client\src\client\protocolgamesend.cpp(432): error C3254: 'Application' : class contains explicit override 'sendCloseContainer' but does not derive from an interface that contains the function declaration
     1>c:\users\francisco\documents\github\zutria-client\src\client\protocolgamesend.cpp(432): error C2838: 'sendCloseContainer' : illegal qualified name in member declaration
     1>c:\users\francisco\documents\github\zutria-client\src\client\protocolgamesend.cpp(440): error C3254: 'Application' : class contains explicit override 'sendUpContainer' but does not derive from an interface that contains the function declaration
     1>c:\users\francisco\documents\github\zutria-client\src\client\protocolgamesend.cpp(440): error C2838: 'sendUpContainer' : illegal qualified name in member declaration
     1>c:\users\francisco\documents\github\zutria-client\src\client\protocolgamesend.cpp(448): error C3254: 'Application' : class contains explicit override 'sendEditText' but does not derive from an interface that contains the function declaration
     1>c:\users\francisco\documents\github\zutria-client\src\client\protocolgamesend.cpp(448): error C2838: 'sendEditText' : illegal qualified name in member declaration
     1>c:\users\francisco\documents\github\zutria-client\src\client\protocolgamesend.cpp(457): error C3254: 'Application' : class contains explicit override 'sendEditList' but does not derive from an interface that contains the function declaration
     1>c:\users\francisco\documents\github\zutria-client\src\client\protocolgamesend.cpp(457): error C2838: 'sendEditList' : illegal qualified name in member declaration
     1>c:\users\francisco\documents\github\zutria-client\src\client\protocolgamesend.cpp(467): error C3254: 'Application' : class contains explicit override 'sendLook' but does not derive from an interface that contains the function declaration
     1>c:\users\francisco\documents\github\zutria-client\src\client\protocolgamesend.cpp(467): error C2838: 'sendLook' : illegal qualified name in member declaration
     1>c:\users\francisco\documents\github\zutria-client\src\client\protocolgamesend.cpp(477): error C3254: 'Application' : class contains explicit override 'sendLookCreature' but does not derive from an interface that contains the function declaration
     1>c:\users\francisco\documents\github\zutria-client\src\client\protocolgamesend.cpp(477): error C2838: 'sendLookCreature' : illegal qualified name in member declaration
     1>c:\users\francisco\documents\github\zutria-client\src\client\protocolgamesend.cpp(485): error C3254: 'Application' : class contains explicit override 'sendTalk' but does not derive from an interface that contains the function declaration
     1>c:\users\francisco\documents\github\zutria-client\src\client\protocolgamesend.cpp(485): error C2838: 'sendTalk' : illegal qualified name in member declaration
     1>c:\users\francisco\documents\github\zutria-client\src\client\protocolgamesend.cpp(519): error C3254: 'Application' : class contains explicit override 'sendRequestChannels' but does not derive from an interface that contains the function declaration
     1>c:\users\francisco\documents\github\zutria-client\src\client\protocolgamesend.cpp(519): error C2838: 'sendRequestChannels' : illegal qualified name in member declaration
     1>c:\users\francisco\documents\github\zutria-client\src\client\protocolgamesend.cpp(526): error C3254: 'Application' : class contains explicit override 'sendJoinChannel' but does not derive from an interface that contains the function declaration
     1>c:\users\francisco\documents\github\zutria-client\src\client\protocolgamesend.cpp(526): error C2838: 'sendJoinChannel' : illegal qualified name in member declaration
     1>c:\users\francisco\documents\github\zutria-client\src\client\protocolgamesend.cpp(534): error C3254: 'Application' : class contains explicit override 'sendLeaveChannel' but does not derive from an interface that contains the function declaration
     1>c:\users\francisco\documents\github\zutria-client\src\client\protocolgamesend.cpp(534): fatal error C1003: error count exceeds 100; stopping compilation
         protocolgameparse.cpp
     1>c:\program files (x86)\microsoft visual studio 12.0\vc\include\xutility(2132): error C4996: 'std::_Copy_impl': Function call with parameters that may be unsafe - this call relies on the caller to check that the passed values are correct. To disable this warning, use -D_SCL_SECURE_NO_WARNINGS. See documentation on how to use Visual C++ 'Checked Iterators'
                 c:\program files (x86)\microsoft visual studio 12.0\vc\include\xutility(2113) : see declaration of 'std::_Copy_impl'
                 c:\users\francisco\documents\ot server\client\otclient-master\src\framework\stdext\packed_storage.h(71) : see reference to function template instantiation '_OutIt std::copy<stdext::packed_storage<uint8,uint8>::value_pair*,stdext::packed_storage<uint8,uint8>::value_pair*>(_InIt,_InIt,_OutIt)' being compiled
                 with
                 [
                     _OutIt=stdext::packed_storage<uint8,uint8>::value_pair *
         ,            _InIt=stdext::packed_storage<uint8,uint8>::value_pair *
                 ]
                 c:\users\francisco\documents\ot server\client\otclient-master\src\framework\stdext\packed_storage.h(63) : while compiling class template member function 'bool stdext::packed_storage<uint8,uint8>::remove(Key)'
                 with
                 [
                     Key=uint8
                 ]
                 c:\users\francisco\documents\github\zutria-client\src\client\map.h(160) : see reference to function template instantiation 'bool stdext::packed_storage<uint8,uint8>::remove(Key)' being compiled
                 with
                 [
                     Key=uint8
                 ]
                 c:\users\francisco\documents\github\zutria-client\src\client\item.h(157) : see reference to class template instantiation 'stdext::packed_storage<uint8,uint8>' being compiled
         protocolgame.cpp
     1>c:\program files (x86)\microsoft visual studio 12.0\vc\include\xutility(2132): error C4996: 'std::_Copy_impl': Function call with parameters that may be unsafe - this call relies on the caller to check that the passed values are correct. To disable this warning, use -D_SCL_SECURE_NO_WARNINGS. See documentation on how to use Visual C++ 'Checked Iterators'
                 c:\program files (x86)\microsoft visual studio 12.0\vc\include\xutility(2113) : see declaration of 'std::_Copy_impl'
                 c:\users\francisco\documents\ot server\client\otclient-master\src\framework\stdext\packed_storage.h(56) : see reference to function template instantiation '_OutIt std::copy<stdext::packed_storage<uint8,uint8>::value_pair*,stdext::packed_storage<uint8,uint8>::value_pair*>(_InIt,_InIt,_OutIt)' being compiled
                 with
                 [
                     _OutIt=stdext::packed_storage<uint8,uint8>::value_pair *
         ,            _InIt=stdext::packed_storage<uint8,uint8>::value_pair *
                 ]
                 c:\users\francisco\documents\github\zutria-client\src\client\item.h(106) : see reference to function template instantiation 'void stdext::packed_storage<uint8,uint8>::set<uint16>(Key,const T &)' being compiled
                 with
                 [
                     Key=uint8
         ,            T=uint16
                 ]
                 c:\users\francisco\documents\github\zutria-client\src\client\item.h(106) : see reference to function template instantiation 'void stdext::packed_storage<uint8,uint8>::set<uint16>(Key,const T &)' being compiled
                 with
                 [
                     Key=uint8
         ,            T=uint16
                 ]
         player.cpp
     1>c:\program files (x86)\microsoft visual studio 12.0\vc\include\xutility(2132): error C4996: 'std::_Copy_impl': Function call with parameters that may be unsafe - this call relies on the caller to check that the passed values are correct. To disable this warning, use -D_SCL_SECURE_NO_WARNINGS. See documentation on how to use Visual C++ 'Checked Iterators'
                 c:\program files (x86)\microsoft visual studio 12.0\vc\include\xutility(2113) : see declaration of 'std::_Copy_impl'
                 c:\users\francisco\documents\ot server\client\otclient-master\src\framework\stdext\packed_storage.h(56) : see reference to function template instantiation '_OutIt std::copy<stdext::packed_storage<uint8,uint8>::value_pair*,stdext::packed_storage<uint8,uint8>::value_pair*>(_InIt,_InIt,_OutIt)' being compiled
                 with
                 [
                     _OutIt=stdext::packed_storage<uint8,uint8>::value_pair *
         ,            _InIt=stdext::packed_storage<uint8,uint8>::value_pair *
                 ]
                 c:\users\francisco\documents\github\zutria-client\src\client\item.h(106) : see reference to function template instantiation 'void stdext::packed_storage<uint8,uint8>::set<uint16>(Key,const T &)' being compiled
                 with
                 [
                     Key=uint8
         ,            T=uint16
                 ]
                 c:\users\francisco\documents\github\zutria-client\src\client\item.h(106) : see reference to function template instantiation 'void stdext::packed_storage<uint8,uint8>::set<uint16>(Key,const T &)' being compiled
                 with
                 [
                     Key=uint8
         ,            T=uint16
                 ]
         missile.cpp
     1>c:\program files (x86)\microsoft visual studio 12.0\vc\include\xutility(2132): error C4996: 'std::_Copy_impl': Function call with parameters that may be unsafe - this call relies on the caller to check that the passed values are correct. To disable this warning, use -D_SCL_SECURE_NO_WARNINGS. See documentation on how to use Visual C++ 'Checked Iterators'
                 c:\program files (x86)\microsoft visual studio 12.0\vc\include\xutility(2113) : see declaration of 'std::_Copy_impl'
                 c:\users\francisco\documents\ot server\client\otclient-master\src\framework\stdext\packed_storage.h(71) : see reference to function template instantiation '_OutIt std::copy<stdext::packed_storage<uint8,uint8>::value_pair*,stdext::packed_storage<uint8,uint8>::value_pair*>(_InIt,_InIt,_OutIt)' being compiled
                 with
                 [
                     _OutIt=stdext::packed_storage<uint8,uint8>::value_pair *
         ,            _InIt=stdext::packed_storage<uint8,uint8>::value_pair *
                 ]
                 c:\users\francisco\documents\ot server\client\otclient-master\src\framework\stdext\packed_storage.h(63) : while compiling class template member function 'bool stdext::packed_storage<uint8,uint8>::remove(Key)'
                 with
                 [
                     Key=uint8
                 ]
                 c:\users\francisco\documents\github\zutria-client\src\client\map.h(160) : see reference to function template instantiation 'bool stdext::packed_storage<uint8,uint8>::remove(Key)' being compiled
                 with
                 [
                     Key=uint8
                 ]
                 c:\users\francisco\documents\github\zutria-client\src\client\item.h(157) : see reference to class template instantiation 'stdext::packed_storage<uint8,uint8>' being compiled
         minimap.cpp
     1>c:\program files (x86)\microsoft visual studio 12.0\vc\include\xutility(2132): error C4996: 'std::_Copy_impl': Function call with parameters that may be unsafe - this call relies on the caller to check that the passed values are correct. To disable this warning, use -D_SCL_SECURE_NO_WARNINGS. See documentation on how to use Visual C++ 'Checked Iterators'
                 c:\program files (x86)\microsoft visual studio 12.0\vc\include\xutility(2113) : see declaration of 'std::_Copy_impl'
                 c:\users\francisco\documents\ot server\client\otclient-master\src\framework\stdext\packed_storage.h(56) : see reference to function template instantiation '_OutIt std::copy<stdext::packed_storage<uint8,uint8>::value_pair*,stdext::packed_storage<uint8,uint8>::value_pair*>(_InIt,_InIt,_OutIt)' being compiled
                 with
                 [
                     _OutIt=stdext::packed_storage<uint8,uint8>::value_pair *
         ,            _InIt=stdext::packed_storage<uint8,uint8>::value_pair *
                 ]
                 c:\users\francisco\documents\github\zutria-client\src\client\item.h(106) : see reference to function template instantiation 'void stdext::packed_storage<uint8,uint8>::set<uint16>(Key,const T &)' being compiled
                 with
                 [
                     Key=uint8
         ,            T=uint16
                 ]
                 c:\users\francisco\documents\github\zutria-client\src\client\item.h(106) : see reference to function template instantiation 'void stdext::packed_storage<uint8,uint8>::set<uint16>(Key,const T &)' being compiled
                 with
                 [
                     Key=uint8
         ,            T=uint16
                 ]
         mapview.cpp
     1>c:\users\francisco\documents\ot server\client\otclient-master\src\framework\core\application.h(58): error C2001: newline in constant
     1>c:\users\francisco\documents\ot server\client\otclient-master\src\framework\core\graphicalapplication.h(32): error C2504: 'Application' : base class undefined
     1>c:\users\francisco\documents\ot server\client\otclient-master\src\framework\core\graphicalapplication.h(70): error C2071: 'Application::g_app' : illegal storage class
     1>c:\program files (x86)\microsoft visual studio 12.0\vc\include\assert.h(32): error C2059: syntax error : 'string'
     1>c:\program files (x86)\microsoft visual studio 12.0\vc\include\assert.h(32): error C2334: unexpected token(s) preceding '{'; skipping apparent function body
     1>c:\users\francisco\documents\ot server\client\otclient-msvc13-libs\boost_1_55_0\include\boost\filesystem\path_traits.hpp(35): error C2059: syntax error : 'namespace'
     1>c:\users\francisco\documents\ot server\client\otclient-msvc13-libs\boost_1_55_0\include\boost\filesystem\path_traits.hpp(35): error C2334: unexpected token(s) preceding '{'; skipping apparent function body
     1>c:\users\francisco\documents\ot server\client\otclient-msvc13-libs\boost_1_55_0\include\boost\iterator\interoperable.hpp(17): error C2059: syntax error : 'namespace'
     1>c:\users\francisco\documents\ot server\client\otclient-msvc13-libs\boost_1_55_0\include\boost\iterator\interoperable.hpp(18): error C2334: unexpected token(s) preceding '{'; skipping apparent function body
     1>c:\users\francisco\documents\ot server\client\otclient-msvc13-libs\boost_1_55_0\include\boost\detail\iterator.hpp(77): error C2059: syntax error : 'namespace'
     1>c:\users\francisco\documents\ot server\client\otclient-msvc13-libs\boost_1_55_0\include\boost\detail\iterator.hpp(77): error C2334: unexpected token(s) preceding '{'; skipping apparent function body
     1>c:\users\francisco\documents\ot server\client\otclient-msvc13-libs\boost_1_55_0\include\boost\iterator\iterator_traits.hpp(11): error C2059: syntax error : 'namespace'
     1>c:\users\francisco\documents\ot server\client\otclient-msvc13-libs\boost_1_55_0\include\boost\iterator\iterator_traits.hpp(11): error C2334: unexpected token(s) preceding '{'; skipping apparent function body
     1>c:\users\francisco\documents\ot server\client\otclient-msvc13-libs\boost_1_55_0\include\boost\mpl\arg_fwd.hpp(21): error C2059: syntax error : 'namespace'
     1>c:\users\francisco\documents\ot server\client\otclient-msvc13-libs\boost_1_55_0\include\boost\mpl\arg_fwd.hpp(21): error C2334: unexpected token(s) preceding '{'; skipping apparent function body
     1>c:\users\francisco\documents\ot server\client\otclient-msvc13-libs\boost_1_55_0\include\boost\mpl\assert.hpp(65): error C2059: syntax error : 'namespace'
     1>c:\users\francisco\documents\ot server\client\otclient-msvc13-libs\boost_1_55_0\include\boost\mpl\assert.hpp(65): error C2334: unexpected token(s) preceding '{'; skipping apparent function body
     1>c:\users\francisco\documents\ot server\client\otclient-msvc13-libs\boost_1_55_0\include\boost\mpl\aux_\preprocessed\plain\arg.hpp(13): error C2059: syntax error : 'namespace'
     1>c:\users\francisco\documents\ot server\client\otclient-msvc13-libs\boost_1_55_0\include\boost\mpl\aux_\preprocessed\plain\arg.hpp(13): error C2334: unexpected token(s) preceding '{'; skipping apparent function body
     1>c:\users\francisco\documents\ot server\client\otclient-msvc13-libs\boost_1_55_0\include\boost\mpl\aux_\preprocessed\plain\placeholders.hpp(13): error C2059: syntax error : 'namespace'
     1>c:\users\francisco\documents\ot server\client\otclient-msvc13-libs\boost_1_55_0\include\boost\mpl\aux_\preprocessed\plain\placeholders.hpp(13): error C2334: unexpected token(s) preceding '{'; skipping apparent function body
     1>c:\users\francisco\documents\ot server\client\otclient-msvc13-libs\boost_1_55_0\include\boost\mpl\aux_\preprocessed\plain\placeholders.hpp(16): error C2059: syntax error : 'namespace'
     1>c:\users\francisco\documents\ot server\client\otclient-msvc13-libs\boost_1_55_0\include\boost\mpl\aux_\preprocessed\plain\placeholders.hpp(16): error C2334: unexpected token(s) preceding '{'; skipping apparent function body
     1>c:\users\francisco\documents\ot server\client\otclient-msvc13-libs\boost_1_55_0\include\boost\mpl\aux_\preprocessed\plain\placeholders.hpp(28): error C2059: syntax error : 'namespace'
     1>c:\users\francisco\documents\ot server\client\otclient-msvc13-libs\boost_1_55_0\include\boost\mpl\aux_\preprocessed\plain\placeholders.hpp(28): error C2334: unexpected token(s) preceding '{'; skipping apparent function body
     1>c:\users\francisco\documents\ot server\client\otclient-msvc13-libs\boost_1_55_0\include\boost\mpl\aux_\preprocessed\plain\placeholders.hpp(32): error C2059: syntax error : 'namespace'
     1>c:\users\francisco\documents\ot server\client\otclient-msvc13-libs\boost_1_55_0\include\boost\mpl\aux_\preprocessed\plain\placeholders.hpp(32): error C2334: unexpected token(s) preceding '{'; skipping apparent function body
     1>c:\users\francisco\documents\ot server\client\otclient-msvc13-libs\boost_1_55_0\include\boost\mpl\aux_\preprocessed\plain\placeholders.hpp(41): error C2059: syntax error : 'namespace'
     1>c:\users\francisco\documents\ot server\client\otclient-msvc13-libs\boost_1_55_0\include\boost\mpl\aux_\preprocessed\plain\placeholders.hpp(41): error C2334: unexpected token(s) preceding '{'; skipping apparent function body
     1>c:\users\francisco\documents\ot server\client\otclient-msvc13-libs\boost_1_55_0\include\boost\mpl\aux_\preprocessed\plain\placeholders.hpp(45): error C2059: syntax error : 'namespace'
     1>c:\users\francisco\documents\ot server\client\otclient-msvc13-libs\boost_1_55_0\include\boost\mpl\aux_\preprocessed\plain\placeholders.hpp(45): error C2334: unexpected token(s) preceding '{'; skipping apparent function body
     1>c:\users\francisco\documents\ot server\client\otclient-msvc13-libs\boost_1_55_0\include\boost\mpl\aux_\preprocessed\plain\placeholders.hpp(54): error C2059: syntax error : 'namespace'
     1>c:\users\francisco\documents\ot server\client\otclient-msvc13-libs\boost_1_55_0\include\boost\mpl\aux_\preprocessed\plain\placeholders.hpp(54): error C2334: unexpected token(s) preceding '{'; skipping apparent function body
     1>c:\users\francisco\documents\ot server\client\otclient-msvc13-libs\boost_1_55_0\include\boost\mpl\aux_\preprocessed\plain\placeholders.hpp(58): error C2059: syntax error : 'namespace'
     1>c:\users\francisco\documents\ot server\client\otclient-msvc13-libs\boost_1_55_0\include\boost\mpl\aux_\preprocessed\plain\placeholders.hpp(58): error C2334: unexpected token(s) preceding '{'; skipping apparent function body
     1>c:\users\francisco\documents\ot server\client\otclient-msvc13-libs\boost_1_55_0\include\boost\mpl\aux_\preprocessed\plain\placeholders.hpp(67): error C2059: syntax error : 'namespace'
     1>c:\users\francisco\documents\ot server\client\otclient-msvc13-libs\boost_1_55_0\include\boost\mpl\aux_\preprocessed\plain\placeholders.hpp(67): error C2334: unexpected token(s) preceding '{'; skipping apparent function body
     1>c:\users\francisco\documents\ot server\client\otclient-msvc13-libs\boost_1_55_0\include\boost\mpl\aux_\preprocessed\plain\placeholders.hpp(71): error C2059: syntax error : 'namespace'
     1>c:\users\francisco\documents\ot server\client\otclient-msvc13-libs\boost_1_55_0\include\boost\mpl\aux_\preprocessed\plain\placeholders.hpp(71): error C2334: unexpected token(s) preceding '{'; skipping apparent function body
     1>c:\users\francisco\documents\ot server\client\otclient-msvc13-libs\boost_1_55_0\include\boost\mpl\aux_\preprocessed\plain\placeholders.hpp(80): error C2059: syntax error : 'namespace'
     1>c:\users\francisco\documents\ot server\client\otclient-msvc13-libs\boost_1_55_0\include\boost\mpl\aux_\preprocessed\plain\placeholders.hpp(80): error C2334: unexpected token(s) preceding '{'; skipping apparent function body
     1>c:\users\francisco\documents\ot server\client\otclient-msvc13-libs\boost_1_55_0\include\boost\mpl\aux_\preprocessed\plain\placeholders.hpp(84): error C2059: syntax error : 'namespace'
     1>c:\users\francisco\documents\ot server\client\otclient-msvc13-libs\boost_1_55_0\include\boost\mpl\aux_\preprocessed\plain\placeholders.hpp(84): error C2334: unexpected token(s) preceding '{'; skipping apparent function body
     1>c:\users\francisco\documents\ot server\client\otclient-msvc13-libs\boost_1_55_0\include\boost\mpl\aux_\preprocessed\plain\placeholders.hpp(93): error C2059: syntax error : 'namespace'
     1>c:\users\francisco\documents\ot server\client\otclient-msvc13-libs\boost_1_55_0\include\boost\mpl\aux_\preprocessed\plain\placeholders.hpp(93): error C2334: unexpected token(s) preceding '{'; skipping apparent function body
     1>c:\users\francisco\documents\ot server\client\otclient-msvc13-libs\boost_1_55_0\include\boost\mpl\aux_\preprocessed\plain\placeholders.hpp(97): error C2059: syntax error : 'namespace'
     1>c:\users\francisco\documents\ot server\client\otclient-msvc13-libs\boost_1_55_0\include\boost\mpl\aux_\preprocessed\plain\placeholders.hpp(97): error C2334: unexpected token(s) preceding '{'; skipping apparent function body
     1>c:\users\francisco\documents\ot server\client\otclient-msvc13-libs\boost_1_55_0\include\boost\iterator\iterator_categories.hpp(24): error C2059: syntax error : 'namespace'
     1>c:\users\francisco\documents\ot server\client\otclient-msvc13-libs\boost_1_55_0\include\boost\iterator\iterator_categories.hpp(24): error C2334: unexpected token(s) preceding '{'; skipping apparent function body
     1>c:\users\francisco\documents\ot server\client\otclient-msvc13-libs\boost_1_55_0\include\boost\type_traits\remove_pointer.hpp(28): error C2059: syntax error : 'namespace'
     1>c:\users\francisco\documents\ot server\client\otclient-msvc13-libs\boost_1_55_0\include\boost\type_traits\remove_pointer.hpp(28): error C2334: unexpected token(s) preceding '{'; skipping apparent function body
     1>c:\users\francisco\documents\ot server\client\otclient-msvc13-libs\boost_1_55_0\include\boost\detail\indirect_traits.hpp(33): error C2059: syntax error : 'namespace'
     1>c:\users\francisco\documents\ot server\client\otclient-msvc13-libs\boost_1_55_0\include\boost\detail\indirect_traits.hpp(33): error C2334: unexpected token(s) preceding '{'; skipping apparent function body
     1>c:\users\francisco\documents\ot server\client\otclient-msvc13-libs\boost_1_55_0\include\boost\iterator\detail\facade_iterator_category.hpp(34): error C2059: syntax error : 'namespace'
     1>c:\users\francisco\documents\ot server\client\otclient-msvc13-libs\boost_1_55_0\include\boost\iterator\detail\facade_iterator_category.hpp(34): error C2334: unexpected token(s) preceding '{'; skipping apparent function body
     1>c:\users\francisco\documents\ot server\client\otclient-msvc13-libs\boost_1_55_0\include\boost\iterator\detail\facade_iterator_category.hpp(36): error C2059: syntax error : 'namespace'
     1>c:\users\francisco\documents\ot server\client\otclient-msvc13-libs\boost_1_55_0\include\boost\iterator\detail\facade_iterator_category.hpp(36): error C2334: unexpected token(s) preceding '{'; skipping apparent function body
     1>c:\users\francisco\documents\ot server\client\otclient-msvc13-libs\boost_1_55_0\include\boost\iterator\detail\enable_if.hpp(21): error C2059: syntax error : 'namespace'
     1>c:\users\francisco\documents\ot server\client\otclient-msvc13-libs\boost_1_55_0\include\boost\iterator\detail\enable_if.hpp(22): error C2334: unexpected token(s) preceding '{'; skipping apparent function body
     1>c:\users\francisco\documents\ot server\client\otclient-msvc13-libs\boost_1_55_0\include\boost\type_traits\add_const.hpp(18): error C2059: syntax error : 'namespace'
     1>c:\users\francisco\documents\ot server\client\otclient-msvc13-libs\boost_1_55_0\include\boost\type_traits\add_const.hpp(18): error C2334: unexpected token(s) preceding '{'; skipping apparent function body
     1>c:\users\francisco\documents\ot server\client\otclient-msvc13-libs\boost_1_55_0\include\boost\type_traits\remove_const.hpp(29): error C2059: syntax error : 'namespace'
     1>c:\users\francisco\documents\ot server\client\otclient-msvc13-libs\boost_1_55_0\include\boost\type_traits\remove_const.hpp(29): error C2334: unexpected token(s) preceding '{'; skipping apparent function body
     1>c:\users\francisco\documents\ot server\client\otclient-msvc13-libs\boost_1_55_0\include\boost\mpl\always.hpp(21): error C2059: syntax error : 'namespace'
     1>c:\users\francisco\documents\ot server\client\otclient-msvc13-libs\boost_1_55_0\include\boost\mpl\always.hpp(21): error C2334: unexpected token(s) preceding '{'; skipping apparent function body
     1>c:\users\francisco\documents\ot server\client\otclient-msvc13-libs\boost_1_55_0\include\boost\mpl\aux_\preprocessed\plain\apply_fwd.hpp(12): error C2059: syntax error : 'namespace'
     1>c:\users\francisco\documents\ot server\client\otclient-msvc13-libs\boost_1_55_0\include\boost\mpl\aux_\preprocessed\plain\apply_fwd.hpp(12): error C2334: unexpected token(s) preceding '{'; skipping apparent function body
     1>c:\users\francisco\documents\ot server\client\otclient-msvc13-libs\boost_1_55_0\include\boost\mpl\aux_\has_apply.hpp(20): error C2059: syntax error : 'namespace'
     1>c:\users\francisco\documents\ot server\client\otclient-msvc13-libs\boost_1_55_0\include\boost\mpl\aux_\has_apply.hpp(20): error C2334: unexpected token(s) preceding '{'; skipping apparent function body
     1>c:\users\francisco\documents\ot server\client\otclient-msvc13-libs\boost_1_55_0\include\boost\mpl\aux_\preprocessed\plain\apply_wrap.hpp(12): error C2059: syntax error : 'namespace'
     1>c:\users\francisco\documents\ot server\client\otclient-msvc13-libs\boost_1_55_0\include\boost\mpl\aux_\preprocessed\plain\apply_wrap.hpp(12): error C2334: unexpected token(s) preceding '{'; skipping apparent function body
     1>c:\users\francisco\documents\ot server\client\otclient-msvc13-libs\boost_1_55_0\include\boost\mpl\aux_\preprocessed\plain\bind_fwd.hpp(12): error C2059: syntax error : 'namespace'
     1>c:\users\francisco\documents\ot server\client\otclient-msvc13-libs\boost_1_55_0\include\boost\mpl\aux_\preprocessed\plain\bind_fwd.hpp(12): error C2334: unexpected token(s) preceding '{'; skipping apparent function body
     1>c:\users\francisco\documents\ot server\client\otclient-msvc13-libs\boost_1_55_0\include\boost\mpl\next_prior.hpp(21): error C2059: syntax error : 'namespace'
     1>c:\users\francisco\documents\ot server\client\otclient-msvc13-libs\boost_1_55_0\include\boost\mpl\next_prior.hpp(21): error C2334: unexpected token(s) preceding '{'; skipping apparent function body
     1>c:\users\francisco\documents\ot server\client\otclient-msvc13-libs\boost_1_55_0\include\boost\mpl\protect.hpp(23): error C2059: syntax error : 'namespace'
     1>c:\users\francisco\documents\ot server\client\otclient-msvc13-libs\boost_1_55_0\include\boost\mpl\protect.hpp(23): error C2334: unexpected token(s) preceding '{'; skipping apparent function body
     1>c:\users\francisco\documents\ot server\client\otclient-msvc13-libs\boost_1_55_0\include\boost\mpl\aux_\preprocessed\plain\bind.hpp(13): error C2059: syntax error : 'namespace'
     1>c:\users\francisco\documents\ot server\client\otclient-msvc13-libs\boost_1_55_0\include\boost\mpl\aux_\preprocessed\plain\bind.hpp(13): error C2334: unexpected token(s) preceding '{'; skipping apparent function body
     1>c:\users\francisco\documents\ot server\client\otclient-msvc13-libs\boost_1_55_0\include\boost\mpl\void.hpp(23): error C2059: syntax error : 'namespace'
     1>c:\users\francisco\documents\ot server\client\otclient-msvc13-libs\boost_1_55_0\include\boost\mpl\void.hpp(23): error C2334: unexpected token(s) preceding '{'; skipping apparent function body
     1>c:\users\francisco\documents\ot server\client\otclient-msvc13-libs\boost_1_55_0\include\boost\mpl\void.hpp(33): error C2059: syntax error : 'namespace'
     1>c:\users\francisco\documents\ot server\client\otclient-msvc13-libs\boost_1_55_0\include\boost\mpl\void.hpp(33): error C2334: unexpected token(s) preceding '{'; skipping apparent function body
     1>c:\users\francisco\documents\ot server\client\otclient-msvc13-libs\boost_1_55_0\include\boost\mpl\aux_\has_type.hpp(19): error C2059: syntax error : 'namespace'
     1>c:\users\francisco\documents\ot server\client\otclient-msvc13-libs\boost_1_55_0\include\boost\mpl\aux_\has_type.hpp(19): error C2334: unexpected token(s) preceding '{'; skipping apparent function body
     1>c:\users\francisco\documents\ot server\client\otclient-msvc13-libs\boost_1_55_0\include\boost\mpl\aux_\preprocessed\plain\quote.hpp(12): error C2059: syntax error : 'namespace'
     1>c:\users\francisco\documents\ot server\client\otclient-msvc13-libs\boost_1_55_0\include\boost\mpl\aux_\preprocessed\plain\quote.hpp(12): error C2334: unexpected token(s) preceding '{'; skipping apparent function body
     1>c:\users\francisco\documents\ot server\client\otclient-msvc13-libs\boost_1_55_0\include\boost\mpl\aux_\preprocessed\plain\full_lambda.hpp(12): error C2059: syntax error : 'namespace'
     1>c:\users\francisco\documents\ot server\client\otclient-msvc13-libs\boost_1_55_0\include\boost\mpl\aux_\preprocessed\plain\full_lambda.hpp(12): error C2334: unexpected token(s) preceding '{'; skipping apparent function body
     1>c:\users\francisco\documents\ot server\client\otclient-msvc13-libs\boost_1_55_0\include\boost\mpl\aux_\preprocessed\plain\apply.hpp(12): error C2059: syntax error : 'namespace'
     1>c:\users\francisco\documents\ot server\client\otclient-msvc13-libs\boost_1_55_0\include\boost\mpl\aux_\preprocessed\plain\apply.hpp(12): error C2334: unexpected token(s) preceding '{'; skipping apparent function body
     1>c:\users\francisco\documents\ot server\client\otclient-msvc13-libs\boost_1_55_0\include\boost\iterator\iterator_facade.hpp(39): error C2059: syntax error : 'namespace'
     1>c:\users\francisco\documents\ot server\client\otclient-msvc13-libs\boost_1_55_0\include\boost\iterator\iterator_facade.hpp(40): error C2334: unexpected token(s) preceding '{'; skipping apparent function body
     1>c:\users\francisco\documents\ot server\client\otclient-msvc13-libs\boost_1_55_0\include\boost\io\detail\quoted_manip.hpp(21): error C2059: syntax error : 'namespace'
     1>c:\users\francisco\documents\ot server\client\otclient-msvc13-libs\boost_1_55_0\include\boost\io\detail\quoted_manip.hpp(22): error C2334: unexpected token(s) preceding '{'; skipping apparent function body
     1>c:\users\francisco\documents\ot server\client\otclient-msvc13-libs\boost_1_55_0\include\boost\filesystem\path.hpp(45): error C2059: syntax error : 'namespace'
     1>c:\users\francisco\documents\ot server\client\otclient-msvc13-libs\boost_1_55_0\include\boost\filesystem\path.hpp(46): error C2334: unexpected token(s) preceding '{'; skipping apparent function body
     1>c:\program files (x86)\microsoft visual studio 12.0\vc\include\stack(12): error C2059: syntax error : 'namespace'
     1>c:\program files (x86)\microsoft visual studio 12.0\vc\include\stack(12): error C2334: unexpected token(s) preceding '{'; skipping apparent function body
     1>c:\program files (x86)\microsoft visual studio 12.0\vc\include\stack(222): error C2059: syntax error : 'namespace'
     1>c:\program files (x86)\microsoft visual studio 12.0\vc\include\stack(222): error C2334: unexpected token(s) preceding '{'; skipping apparent function body
     1>c:\program files (x86)\microsoft visual studio 12.0\vc\include\stack(222): fatal error C1003: error count exceeds 100; stopping compilation
         mapio.cpp
     1>c:\users\francisco\documents\ot server\client\otclient-master\src\framework\core\application.h(58): error C2001: newline in constant
     1>c:\users\francisco\documents\ot server\client\otclient-master\src\framework\core\graphicalapplication.h(32): error C2504: 'Application' : base class undefined
     1>c:\users\francisco\documents\ot server\client\otclient-master\src\framework\core\graphicalapplication.h(70): error C2071: 'Application::g_app' : illegal storage class
     1>c:\program files (x86)\microsoft visual studio 12.0\vc\include\queue(14): error C2059: syntax error : 'namespace'
     1>c:\program files (x86)\microsoft visual studio 12.0\vc\include\queue(14): error C2334: unexpected token(s) preceding '{'; skipping apparent function body
     1>c:\program files (x86)\microsoft visual studio 12.0\vc\include\queue(453): error C2059: syntax error : 'namespace'
     1>c:\program files (x86)\microsoft visual studio 12.0\vc\include\queue(453): error C2334: unexpected token(s) preceding '{'; skipping apparent function body
     1>c:\users\francisco\documents\ot server\client\otclient-master\src\framework\core\eventdispatcher.h(46): error C2039: 'priority_queue' : is not a member of 'std'
     1>c:\users\francisco\documents\ot server\client\otclient-master\src\framework\core\eventdispatcher.h(46): error C2143: syntax error : missing ';' before '<'
     1>c:\users\francisco\documents\ot server\client\otclient-master\src\framework\core\eventdispatcher.h(46): error C4430: missing type specifier - int assumed. Note: C++ does not support default-int
     1>c:\users\francisco\documents\ot server\client\otclient-master\src\framework\core\eventdispatcher.h(46): error C2238: unexpected token(s) preceding ';'
     1>c:\users\francisco\documents\ot server\client\otclient-master\src\framework\core\eventdispatcher.h(49): error C2071: 'Application::g_dispatcher' : illegal storage class
     1>c:\program files (x86)\microsoft visual studio 12.0\vc\include\assert.h(32): error C2059: syntax error : 'string'
     1>c:\program files (x86)\microsoft visual studio 12.0\vc\include\assert.h(32): error C2334: unexpected token(s) preceding '{'; skipping apparent function body
     1>c:\users\francisco\documents\ot server\client\otclient-msvc13-libs\boost_1_55_0\include\boost\filesystem\path_traits.hpp(35): error C2059: syntax error : 'namespace'
     1>c:\users\francisco\documents\ot server\client\otclient-msvc13-libs\boost_1_55_0\include\boost\filesystem\path_traits.hpp(35): error C2334: unexpected token(s) preceding '{'; skipping apparent function body
     1>c:\users\francisco\documents\ot server\client\otclient-msvc13-libs\boost_1_55_0\include\boost\iterator\interoperable.hpp(17): error C2059: syntax error : 'namespace'
     1>c:\users\francisco\documents\ot server\client\otclient-msvc13-libs\boost_1_55_0\include\boost\iterator\interoperable.hpp(18): error C2334: unexpected token(s) preceding '{'; skipping apparent function body
     1>c:\users\francisco\documents\ot server\client\otclient-msvc13-libs\boost_1_55_0\include\boost\detail\iterator.hpp(77): error C2059: syntax error : 'namespace'
     1>c:\users\francisco\documents\ot server\client\otclient-msvc13-libs\boost_1_55_0\include\boost\detail\iterator.hpp(77): error C2334: unexpected token(s) preceding '{'; skipping apparent function body
     1>c:\users\francisco\documents\ot server\client\otclient-msvc13-libs\boost_1_55_0\include\boost\iterator\iterator_traits.hpp(11): error C2059: syntax error : 'namespace'
     1>c:\users\francisco\documents\ot server\client\otclient-msvc13-libs\boost_1_55_0\include\boost\iterator\iterator_traits.hpp(11): error C2334: unexpected token(s) preceding '{'; skipping apparent function body
     1>c:\users\francisco\documents\ot server\client\otclient-msvc13-libs\boost_1_55_0\include\boost\mpl\arg_fwd.hpp(21): error C2059: syntax error : 'namespace'
     1>c:\users\francisco\documents\ot server\client\otclient-msvc13-libs\boost_1_55_0\include\boost\mpl\arg_fwd.hpp(21): error C2334: unexpected token(s) preceding '{'; skipping apparent function body
     1>c:\users\francisco\documents\ot server\client\otclient-msvc13-libs\boost_1_55_0\include\boost\mpl\assert.hpp(65): error C2059: syntax error : 'namespace'
     1>c:\users\francisco\documents\ot server\client\otclient-msvc13-libs\boost_1_55_0\include\boost\mpl\assert.hpp(65): error C2334: unexpected token(s) preceding '{'; skipping apparent function body
     1>c:\users\francisco\documents\ot server\client\otclient-msvc13-libs\boost_1_55_0\include\boost\mpl\aux_\preprocessed\plain\arg.hpp(13): error C2059: syntax error : 'namespace'
     1>c:\users\francisco\documents\ot server\client\otclient-msvc13-libs\boost_1_55_0\include\boost\mpl\aux_\preprocessed\plain\arg.hpp(13): error C2334: unexpected token(s) preceding '{'; skipping apparent function body
     1>c:\users\francisco\documents\ot server\client\otclient-msvc13-libs\boost_1_55_0\include\boost\mpl\aux_\preprocessed\plain\placeholders.hpp(13): error C2059: syntax error : 'namespace'
     1>c:\users\francisco\documents\ot server\client\otclient-msvc13-libs\boost_1_55_0\include\boost\mpl\aux_\preprocessed\plain\placeholders.hpp(13): error C2334: unexpected token(s) preceding '{'; skipping apparent function body
     1>c:\users\francisco\documents\ot server\client\otclient-msvc13-libs\boost_1_55_0\include\boost\mpl\aux_\preprocessed\plain\placeholders.hpp(16): error C2059: syntax error : 'namespace'
     1>c:\users\francisco\documents\ot server\client\otclient-msvc13-libs\boost_1_55_0\include\boost\mpl\aux_\preprocessed\plain\placeholders.hpp(16): error C2334: unexpected token(s) preceding '{'; skipping apparent function body
     1>c:\users\francisco\documents\ot server\client\otclient-msvc13-libs\boost_1_55_0\include\boost\mpl\aux_\preprocessed\plain\placeholders.hpp(28): error C2059: syntax error : 'namespace'
     1>c:\users\francisco\documents\ot server\client\otclient-msvc13-libs\boost_1_55_0\include\boost\mpl\aux_\preprocessed\plain\placeholders.hpp(28): error C2334: unexpected token(s) preceding '{'; skipping apparent function body
     1>c:\users\francisco\documents\ot server\client\otclient-msvc13-libs\boost_1_55_0\include\boost\mpl\aux_\preprocessed\plain\placeholders.hpp(32): error C2059: syntax error : 'namespace'
     1>c:\users\francisco\documents\ot server\client\otclient-msvc13-libs\boost_1_55_0\include\boost\mpl\aux_\preprocessed\plain\placeholders.hpp(32): error C2334: unexpected token(s) preceding '{'; skipping apparent function body
     1>c:\users\francisco\documents\ot server\client\otclient-msvc13-libs\boost_1_55_0\include\boost\mpl\aux_\preprocessed\plain\placeholders.hpp(41): error C2059: syntax error : 'namespace'
     1>c:\users\francisco\documents\ot server\client\otclient-msvc13-libs\boost_1_55_0\include\boost\mpl\aux_\preprocessed\plain\placeholders.hpp(41): error C2334: unexpected token(s) preceding '{'; skipping apparent function body
     1>c:\users\francisco\documents\ot server\client\otclient-msvc13-libs\boost_1_55_0\include\boost\mpl\aux_\preprocessed\plain\placeholders.hpp(45): error C2059: syntax error : 'namespace'
     1>c:\users\francisco\documents\ot server\client\otclient-msvc13-libs\boost_1_55_0\include\boost\mpl\aux_\preprocessed\plain\placeholders.hpp(45): error C2334: unexpected token(s) preceding '{'; skipping apparent function body
     1>c:\users\francisco\documents\ot server\client\otclient-msvc13-libs\boost_1_55_0\include\boost\mpl\aux_\preprocessed\plain\placeholders.hpp(54): error C2059: syntax error : 'namespace'
     1>c:\users\francisco\documents\ot server\client\otclient-msvc13-libs\boost_1_55_0\include\boost\mpl\aux_\preprocessed\plain\placeholders.hpp(54): error C2334: unexpected token(s) preceding '{'; skipping apparent function body
     1>c:\users\francisco\documents\ot server\client\otclient-msvc13-libs\boost_1_55_0\include\boost\mpl\aux_\preprocessed\plain\placeholders.hpp(58): error C2059: syntax error : 'namespace'
     1>c:\users\francisco\documents\ot server\client\otclient-msvc13-libs\boost_1_55_0\include\boost\mpl\aux_\preprocessed\plain\placeholders.hpp(58): error C2334: unexpected token(s) preceding '{'; skipping apparent function body
     1>c:\users\francisco\documents\ot server\client\otclient-msvc13-libs\boost_1_55_0\include\boost\mpl\aux_\preprocessed\plain\placeholders.hpp(67): error C2059: syntax error : 'namespace'
     1>c:\users\francisco\documents\ot server\client\otclient-msvc13-libs\boost_1_55_0\include\boost\mpl\aux_\preprocessed\plain\placeholders.hpp(67): error C2334: unexpected token(s) preceding '{'; skipping apparent function body
     1>c:\users\francisco\documents\ot server\client\otclient-msvc13-libs\boost_1_55_0\include\boost\mpl\aux_\preprocessed\plain\placeholders.hpp(71): error C2059: syntax error : 'namespace'
     1>c:\users\francisco\documents\ot server\client\otclient-msvc13-libs\boost_1_55_0\include\boost\mpl\aux_\preprocessed\plain\placeholders.hpp(71): error C2334: unexpected token(s) preceding '{'; skipping apparent function body
     1>c:\users\francisco\documents\ot server\client\otclient-msvc13-libs\boost_1_55_0\include\boost\mpl\aux_\preprocessed\plain\placeholders.hpp(80): error C2059: syntax error : 'namespace'
     1>c:\users\francisco\documents\ot server\client\otclient-msvc13-libs\boost_1_55_0\include\boost\mpl\aux_\preprocessed\plain\placeholders.hpp(80): error C2334: unexpected token(s) preceding '{'; skipping apparent function body
     1>c:\users\francisco\documents\ot server\client\otclient-msvc13-libs\boost_1_55_0\include\boost\mpl\aux_\preprocessed\plain\placeholders.hpp(84): error C2059: syntax error : 'namespace'
     1>c:\users\francisco\documents\ot server\client\otclient-msvc13-libs\boost_1_55_0\include\boost\mpl\aux_\preprocessed\plain\placeholders.hpp(84): error C2334: unexpected token(s) preceding '{'; skipping apparent function body
     1>c:\users\francisco\documents\ot server\client\otclient-msvc13-libs\boost_1_55_0\include\boost\mpl\aux_\preprocessed\plain\placeholders.hpp(93): error C2059: syntax error : 'namespace'
     1>c:\users\francisco\documents\ot server\client\otclient-msvc13-libs\boost_1_55_0\include\boost\mpl\aux_\preprocessed\plain\placeholders.hpp(93): error C2334: unexpected token(s) preceding '{'; skipping apparent function body
     1>c:\users\francisco\documents\ot server\client\otclient-msvc13-libs\boost_1_55_0\include\boost\mpl\aux_\preprocessed\plain\placeholders.hpp(97): error C2059: syntax error : 'namespace'
     1>c:\users\francisco\documents\ot server\client\otclient-msvc13-libs\boost_1_55_0\include\boost\mpl\aux_\preprocessed\plain\placeholders.hpp(97): error C2334: unexpected token(s) preceding '{'; skipping apparent function body
     1>c:\users\francisco\documents\ot server\client\otclient-msvc13-libs\boost_1_55_0\include\boost\iterator\iterator_categories.hpp(24): error C2059: syntax error : 'namespace'
     1>c:\users\francisco\documents\ot server\client\otclient-msvc13-libs\boost_1_55_0\include\boost\iterator\iterator_categories.hpp(24): error C2334: unexpected token(s) preceding '{'; skipping apparent function body
     1>c:\users\francisco\documents\ot server\client\otclient-msvc13-libs\boost_1_55_0\include\boost\type_traits\remove_pointer.hpp(28): error C2059: syntax error : 'namespace'
     1>c:\users\francisco\documents\ot server\client\otclient-msvc13-libs\boost_1_55_0\include\boost\type_traits\remove_pointer.hpp(28): error C2334: unexpected token(s) preceding '{'; skipping apparent function body
     1>c:\users\francisco\documents\ot server\client\otclient-msvc13-libs\boost_1_55_0\include\boost\detail\indirect_traits.hpp(33): error C2059: syntax error : 'namespace'
     1>c:\users\francisco\documents\ot server\client\otclient-msvc13-libs\boost_1_55_0\include\boost\detail\indirect_traits.hpp(33): error C2334: unexpected token(s) preceding '{'; skipping apparent function body
     1>c:\users\francisco\documents\ot server\client\otclient-msvc13-libs\boost_1_55_0\include\boost\iterator\detail\facade_iterator_category.hpp(34): error C2059: syntax error : 'namespace'
     1>c:\users\francisco\documents\ot server\client\otclient-msvc13-libs\boost_1_55_0\include\boost\iterator\detail\facade_iterator_category.hpp(34): error C2334: unexpected token(s) preceding '{'; skipping apparent function body
     1>c:\users\francisco\documents\ot server\client\otclient-msvc13-libs\boost_1_55_0\include\boost\iterator\detail\facade_iterator_category.hpp(36): error C2059: syntax error : 'namespace'
     1>c:\users\francisco\documents\ot server\client\otclient-msvc13-libs\boost_1_55_0\include\boost\iterator\detail\facade_iterator_category.hpp(36): error C2334: unexpected token(s) preceding '{'; skipping apparent function body
     1>c:\users\francisco\documents\ot server\client\otclient-msvc13-libs\boost_1_55_0\include\boost\iterator\detail\enable_if.hpp(21): error C2059: syntax error : 'namespace'
     1>c:\users\francisco\documents\ot server\client\otclient-msvc13-libs\boost_1_55_0\include\boost\iterator\detail\enable_if.hpp(22): error C2334: unexpected token(s) preceding '{'; skipping apparent function body
     1>c:\users\francisco\documents\ot server\client\otclient-msvc13-libs\boost_1_55_0\include\boost\type_traits\add_const.hpp(18): error C2059: syntax error : 'namespace'
     1>c:\users\francisco\documents\ot server\client\otclient-msvc13-libs\boost_1_55_0\include\boost\type_traits\add_const.hpp(18): error C2334: unexpected token(s) preceding '{'; skipping apparent function body
     1>c:\users\francisco\documents\ot server\client\otclient-msvc13-libs\boost_1_55_0\include\boost\type_traits\remove_const.hpp(29): error C2059: syntax error : 'namespace'
     1>c:\users\francisco\documents\ot server\client\otclient-msvc13-libs\boost_1_55_0\include\boost\type_traits\remove_const.hpp(29): error C2334: unexpected token(s) preceding '{'; skipping apparent function body
     1>c:\users\francisco\documents\ot server\client\otclient-msvc13-libs\boost_1_55_0\include\boost\mpl\always.hpp(21): error C2059: syntax error : 'namespace'
     1>c:\users\francisco\documents\ot server\client\otclient-msvc13-libs\boost_1_55_0\include\boost\mpl\always.hpp(21): error C2334: unexpected token(s) preceding '{'; skipping apparent function body
     1>c:\users\francisco\documents\ot server\client\otclient-msvc13-libs\boost_1_55_0\include\boost\mpl\aux_\preprocessed\plain\apply_fwd.hpp(12): error C2059: syntax error : 'namespace'
     1>c:\users\francisco\documents\ot server\client\otclient-msvc13-libs\boost_1_55_0\include\boost\mpl\aux_\preprocessed\plain\apply_fwd.hpp(12): error C2334: unexpected token(s) preceding '{'; skipping apparent function body
     1>c:\users\francisco\documents\ot server\client\otclient-msvc13-libs\boost_1_55_0\include\boost\mpl\aux_\has_apply.hpp(20): error C2059: syntax error : 'namespace'
     1>c:\users\francisco\documents\ot server\client\otclient-msvc13-libs\boost_1_55_0\include\boost\mpl\aux_\has_apply.hpp(20): error C2334: unexpected token(s) preceding '{'; skipping apparent function body
     1>c:\users\francisco\documents\ot server\client\otclient-msvc13-libs\boost_1_55_0\include\boost\mpl\aux_\preprocessed\plain\apply_wrap.hpp(12): error C2059: syntax error : 'namespace'
     1>c:\users\francisco\documents\ot server\client\otclient-msvc13-libs\boost_1_55_0\include\boost\mpl\aux_\preprocessed\plain\apply_wrap.hpp(12): error C2334: unexpected token(s) preceding '{'; skipping apparent function body
     1>c:\users\francisco\documents\ot server\client\otclient-msvc13-libs\boost_1_55_0\include\boost\mpl\aux_\preprocessed\plain\bind_fwd.hpp(12): error C2059: syntax error : 'namespace'
     1>c:\users\francisco\documents\ot server\client\otclient-msvc13-libs\boost_1_55_0\include\boost\mpl\aux_\preprocessed\plain\bind_fwd.hpp(12): error C2334: unexpected token(s) preceding '{'; skipping apparent function body
     1>c:\users\francisco\documents\ot server\client\otclient-msvc13-libs\boost_1_55_0\include\boost\mpl\next_prior.hpp(21): error C2059: syntax error : 'namespace'
     1>c:\users\francisco\documents\ot server\client\otclient-msvc13-libs\boost_1_55_0\include\boost\mpl\next_prior.hpp(21): error C2334: unexpected token(s) preceding '{'; skipping apparent function body
     1>c:\users\francisco\documents\ot server\client\otclient-msvc13-libs\boost_1_55_0\include\boost\mpl\protect.hpp(23): error C2059: syntax error : 'namespace'
     1>c:\users\francisco\documents\ot server\client\otclient-msvc13-libs\boost_1_55_0\include\boost\mpl\protect.hpp(23): error C2334: unexpected token(s) preceding '{'; skipping apparent function body
     1>c:\users\francisco\documents\ot server\client\otclient-msvc13-libs\boost_1_55_0\include\boost\mpl\aux_\preprocessed\plain\bind.hpp(13): error C2059: syntax error : 'namespace'
     1>c:\users\francisco\documents\ot server\client\otclient-msvc13-libs\boost_1_55_0\include\boost\mpl\aux_\preprocessed\plain\bind.hpp(13): error C2334: unexpected token(s) preceding '{'; skipping apparent function body
     1>c:\users\francisco\documents\ot server\client\otclient-msvc13-libs\boost_1_55_0\include\boost\mpl\void.hpp(23): error C2059: syntax error : 'namespace'
     1>c:\users\francisco\documents\ot server\client\otclient-msvc13-libs\boost_1_55_0\include\boost\mpl\void.hpp(23): error C2334: unexpected token(s) preceding '{'; skipping apparent function body
     1>c:\users\francisco\documents\ot server\client\otclient-msvc13-libs\boost_1_55_0\include\boost\mpl\void.hpp(33): error C2059: syntax error : 'namespace'
     1>c:\users\francisco\documents\ot server\client\otclient-msvc13-libs\boost_1_55_0\include\boost\mpl\void.hpp(33): error C2334: unexpected token(s) preceding '{'; skipping apparent function body
     1>c:\users\francisco\documents\ot server\client\otclient-msvc13-libs\boost_1_55_0\include\boost\mpl\aux_\has_type.hpp(19): error C2059: syntax error : 'namespace'
     1>c:\users\francisco\documents\ot server\client\otclient-msvc13-libs\boost_1_55_0\include\boost\mpl\aux_\has_type.hpp(19): error C2334: unexpected token(s) preceding '{'; skipping apparent function body
     1>c:\users\francisco\documents\ot server\client\otclient-msvc13-libs\boost_1_55_0\include\boost\mpl\aux_\preprocessed\plain\quote.hpp(12): error C2059: syntax error : 'namespace'
     1>c:\users\francisco\documents\ot server\client\otclient-msvc13-libs\boost_1_55_0\include\boost\mpl\aux_\preprocessed\plain\quote.hpp(12): error C2334: unexpected token(s) preceding '{'; skipping apparent function body
     1>c:\users\francisco\documents\ot server\client\otclient-msvc13-libs\boost_1_55_0\include\boost\mpl\aux_\preprocessed\plain\full_lambda.hpp(12): error C2059: syntax error : 'namespace'
     1>c:\users\francisco\documents\ot server\client\otclient-msvc13-libs\boost_1_55_0\include\boost\mpl\aux_\preprocessed\plain\full_lambda.hpp(12): error C2334: unexpected token(s) preceding '{'; skipping apparent function body
     1>c:\users\francisco\documents\ot server\client\otclient-msvc13-libs\boost_1_55_0\include\boost\mpl\aux_\preprocessed\plain\apply.hpp(12): error C2059: syntax error : 'namespace'
     1>c:\users\francisco\documents\ot server\client\otclient-msvc13-libs\boost_1_55_0\include\boost\mpl\aux_\preprocessed\plain\apply.hpp(12): error C2334: unexpected token(s) preceding '{'; skipping apparent function body
     1>c:\users\francisco\documents\ot server\client\otclient-msvc13-libs\boost_1_55_0\include\boost\iterator\iterator_facade.hpp(39): error C2059: syntax error : 'namespace'
     1>c:\users\francisco\documents\ot server\client\otclient-msvc13-libs\boost_1_55_0\include\boost\iterator\iterator_facade.hpp(40): error C2334: unexpected token(s) preceding '{'; skipping apparent function body
     1>c:\users\francisco\documents\ot server\client\otclient-msvc13-libs\boost_1_55_0\include\boost\iterator\iterator_facade.hpp(40): fatal error C1003: error count exceeds 100; stopping compilation
         map.cpp
     1>c:\users\francisco\documents\ot server\client\otclient-master\src\framework\core\application.h(58): error C2001: newline in constant
     1>c:\users\francisco\documents\ot server\client\otclient-master\src\framework\core\graphicalapplication.h(32): error C2504: 'Application' : base class undefined
     1>c:\users\francisco\documents\ot server\client\otclient-master\src\framework\core\graphicalapplication.h(70): error C2071: 'Application::g_app' : illegal storage class
     1>c:\users\francisco\documents\github\zutria-client\src\client\map.cpp(37): error C2838: 'm_nulltile' : illegal qualified name in member declaration
     1>c:\users\francisco\documents\github\zutria-client\src\client\map.cpp(40): error C3254: 'Application' : class contains explicit override 'init' but does not derive from an interface that contains the function declaration
     1>c:\users\francisco\documents\github\zutria-client\src\client\map.cpp(40): error C2838: 'init' : illegal qualified name in member declaration
     1>c:\users\francisco\documents\github\zutria-client\src\client\map.cpp(46): error C3254: 'Application' : class contains explicit override 'terminate' but does not derive from an interface that contains the function declaration
     1>c:\users\francisco\documents\github\zutria-client\src\client\map.cpp(46): error C2838: 'terminate' : illegal qualified name in member declaration
     1>c:\users\francisco\documents\github\zutria-client\src\client\map.cpp(46): error C2535: 'void Application::terminate(void)' : member function already defined or declared
                 c:\users\francisco\documents\ot server\client\otclient-master\src\framework\core\application.h(38) : see declaration of 'Application::terminate'
     1>c:\users\francisco\documents\github\zutria-client\src\client\map.cpp(51): error C3254: 'Application' : class contains explicit override 'addMapView' but does not derive from an interface that contains the function declaration
     1>c:\users\francisco\documents\github\zutria-client\src\client\map.cpp(51): error C2838: 'addMapView' : illegal qualified name in member declaration
     1>c:\users\francisco\documents\github\zutria-client\src\client\map.cpp(56): error C3254: 'Application' : class contains explicit override 'removeMapView' but does not derive from an interface that contains the function declaration
     1>c:\users\francisco\documents\github\zutria-client\src\client\map.cpp(56): error C2838: 'removeMapView' : illegal qualified name in member declaration
     1>c:\users\francisco\documents\github\zutria-client\src\client\map.cpp(63): error C3254: 'Application' : class contains explicit override 'notificateTileUpdate' but does not derive from an interface that contains the function declaration
     1>c:\users\francisco\documents\github\zutria-client\src\client\map.cpp(63): error C2838: 'notificateTileUpdate' : illegal qualified name in member declaration
     1>c:\users\francisco\documents\github\zutria-client\src\client\map.cpp(73): error C3254: 'Application' : class contains explicit override 'clean' but does not derive from an interface that contains the function declaration
     1>c:\users\francisco\documents\github\zutria-client\src\client\map.cpp(73): error C2838: 'clean' : illegal qualified name in member declaration
     1>c:\users\francisco\documents\github\zutria-client\src\client\map.cpp(88): error C3254: 'Application' : class contains explicit override 'cleanDynamicThings' but does not derive from an interface that contains the function declaration
     1>c:\users\francisco\documents\github\zutria-client\src\client\map.cpp(88): error C2838: 'cleanDynamicThings' : illegal qualified name in member declaration
     1>c:\users\francisco\documents\github\zutria-client\src\client\map.cpp(102): error C3254: 'Application' : class contains explicit override 'cleanTexts' but does not derive from an interface that contains the function declaration
     1>c:\users\francisco\documents\github\zutria-client\src\client\map.cpp(102): error C2838: 'cleanTexts' : illegal qualified name in member declaration
     1>c:\users\francisco\documents\github\zutria-client\src\client\map.cpp(108): error C3254: 'Application' : class contains explicit override 'addThing' but does not derive from an interface that contains the function declaration
     1>c:\users\francisco\documents\github\zutria-client\src\client\map.cpp(108): error C2838: 'addThing' : illegal qualified name in member declaration
     1>c:\users\francisco\documents\github\zutria-client\src\client\map.cpp(172): error C3254: 'Application' : class contains explicit override 'getThing' but does not derive from an interface that contains the function declaration
     1>c:\users\francisco\documents\github\zutria-client\src\client\map.cpp(172): error C2838: 'getThing' : illegal qualified name in member declaration
     1>c:\users\francisco\documents\github\zutria-client\src\client\map.cpp(179): error C3254: 'Application' : class contains explicit override 'removeThing' but does not derive from an interface that contains the function declaration
     1>c:\users\francisco\documents\github\zutria-client\src\client\map.cpp(179): error C2838: 'removeThing' : illegal qualified name in member declaration
     1>c:\users\francisco\documents\github\zutria-client\src\client\map.cpp(214): error C3254: 'Application' : class contains explicit override 'removeThingByPos' but does not derive from an interface that contains the function declaration
     1>c:\users\francisco\documents\github\zutria-client\src\client\map.cpp(214): error C2838: 'removeThingByPos' : illegal qualified name in member declaration
     1>c:\users\francisco\documents\github\zutria-client\src\client\map.cpp(221): error C3254: 'Application' : class contains explicit override 'colorizeThing' but does not derive from an interface that contains the function declaration
     1>c:\users\francisco\documents\github\zutria-client\src\client\map.cpp(221): error C2838: 'colorizeThing' : illegal qualified name in member declaration
     1>c:\users\francisco\documents\github\zutria-client\src\client\map.cpp(239): error C3254: 'Application' : class contains explicit override 'removeThingColor' but does not derive from an interface that contains the function declaration
     1>c:\users\francisco\documents\github\zutria-client\src\client\map.cpp(239): error C2838: 'removeThingColor' : illegal qualified name in member declaration
     1>c:\users\francisco\documents\github\zutria-client\src\client\map.cpp(257): error C3254: 'Application' : class contains explicit override 'getStaticText' but does not derive from an interface that contains the function declaration
     1>c:\users\francisco\documents\github\zutria-client\src\client\map.cpp(257): error C2838: 'getStaticText' : illegal qualified name in member declaration
     1>c:\users\francisco\documents\github\zutria-client\src\client\map.cpp(267): error C3254: 'Application' : class contains explicit override 'createTile' but does not derive from an interface that contains the function declaration
     1>c:\users\francisco\documents\github\zutria-client\src\client\map.cpp(267): error C2838: 'createTile' : illegal qualified name in member declaration
     1>c:\users\francisco\documents\github\zutria-client\src\client\map.cpp(293): error C3254: 'Application' : class contains explicit override 'createTileEx' but does not derive from an interface that contains the function declaration
     1>c:\users\francisco\documents\github\zutria-client\src\client\map.cpp(293): error C2838: 'createTileEx' : illegal qualified name in member declaration
     1>c:\users\francisco\documents\github\zutria-client\src\client\map.cpp(296): error C3254: 'Application' : class contains explicit override 'getOrCreateTile' but does not derive from an interface that contains the function declaration
     1>c:\users\francisco\documents\github\zutria-client\src\client\map.cpp(296): error C2838: 'getOrCreateTile' : illegal qualified name in member declaration
     1>c:\users\francisco\documents\github\zutria-client\src\client\map.cpp(312): error C3254: 'Application' : class contains explicit override 'getTile' but does not derive from an interface that contains the function declaration
     1>c:\users\francisco\documents\github\zutria-client\src\client\map.cpp(312): error C2838: 'getTile' : illegal qualified name in member declaration
     1>c:\users\francisco\documents\github\zutria-client\src\client\map.cpp(322): error C3254: 'Application' : class contains explicit override 'getTiles' but does not derive from an interface that contains the function declaration
     1>c:\users\francisco\documents\github\zutria-client\src\client\map.cpp(322): error C2838: 'getTiles' : illegal qualified name in member declaration
     1>c:\users\francisco\documents\github\zutria-client\src\client\map.cpp(352): error C3254: 'Application' : class contains explicit override 'cleanTile' but does not derive from an interface that contains the function declaration
     1>c:\users\francisco\documents\github\zutria-client\src\client\map.cpp(352): error C2838: 'cleanTile' : illegal qualified name in member declaration
     1>c:\users\francisco\documents\github\zutria-client\src\client\map.cpp(376): error C3254: 'Application' : class contains explicit override 'setShowZone' but does not derive from an interface that contains the function declaration
     1>c:\users\francisco\documents\github\zutria-client\src\client\map.cpp(376): error C2838: 'setShowZone' : illegal qualified name in member declaration
     1>c:\users\francisco\documents\github\zutria-client\src\client\map.cpp(384): error C3254: 'Application' : class contains explicit override 'setShowZones' but does not derive from an interface that contains the function declaration
     1>c:\users\francisco\documents\github\zutria-client\src\client\map.cpp(384): error C2838: 'setShowZones' : illegal qualified name in member declaration
     1>c:\users\francisco\documents\github\zutria-client\src\client\map.cpp(392): error C3254: 'Application' : class contains explicit override 'setZoneColor' but does not derive from an interface that contains the function declaration
     1>c:\users\francisco\documents\github\zutria-client\src\client\map.cpp(392): error C2838: 'setZoneColor' : illegal qualified name in member declaration
     1>c:\users\francisco\documents\github\zutria-client\src\client\map.cpp(398): error C3254: 'Application' : class contains explicit override 'getZoneColor' but does not derive from an interface that contains the function declaration
     1>c:\users\francisco\documents\github\zutria-client\src\client\map.cpp(398): error C2838: 'getZoneColor' : illegal qualified name in member declaration
     1>c:\users\francisco\documents\github\zutria-client\src\client\map.cpp(406): error C3254: 'Application' : class contains explicit override 'setForceShowAnimations' but does not derive from an interface that contains the function declaration
     1>c:\users\francisco\documents\github\zutria-client\src\client\map.cpp(406): error C2838: 'setForceShowAnimations' : illegal qualified name in member declaration
     1>c:\users\francisco\documents\github\zutria-client\src\client\map.cpp(415): error C3254: 'Application' : class contains explicit override 'isForcingAnimations' but does not derive from an interface that contains the function declaration
     1>c:\users\francisco\documents\github\zutria-client\src\client\map.cpp(415): error C2838: 'isForcingAnimations' : illegal qualified name in member declaration
     1>c:\users\francisco\documents\github\zutria-client\src\client\map.cpp(420): error C3254: 'Application' : class contains explicit override 'isShowingAnimations' but does not derive from an interface that contains the function declaration
     1>c:\users\francisco\documents\github\zutria-client\src\client\map.cpp(420): error C2838: 'isShowingAnimations' : illegal qualified name in member declaration
     1>c:\users\francisco\documents\github\zutria-client\src\client\map.cpp(425): error C3254: 'Application' : class contains explicit override 'setShowAnimations' but does not derive from an interface that contains the function declaration
     1>c:\users\francisco\documents\github\zutria-client\src\client\map.cpp(425): error C2838: 'setShowAnimations' : illegal qualified name in member declaration
     1>c:\users\francisco\documents\github\zutria-client\src\client\map.cpp(434): error C3254: 'Application' : class contains explicit override 'beginGhostMode' but does not derive from an interface that contains the function declaration
     1>c:\users\francisco\documents\github\zutria-client\src\client\map.cpp(434): error C2838: 'beginGhostMode' : illegal qualified name in member declaration
     1>c:\users\francisco\documents\github\zutria-client\src\client\map.cpp(439): error C3254: 'Application' : class contains explicit override 'endGhostMode' but does not derive from an interface that contains the function declaration
     1>c:\users\francisco\documents\github\zutria-client\src\client\map.cpp(439): error C2838: 'endGhostMode' : illegal qualified name in member declaration
     1>c:\users\francisco\documents\github\zutria-client\src\client\map.cpp(444): error C3254: 'Application' : class contains explicit override 'findItemsById' but does not derive from an interface that contains the function declaration
     1>c:\users\francisco\documents\github\zutria-client\src\client\map.cpp(444): error C2838: 'findItemsById' : illegal qualified name in member declaration
     1>c:\users\francisco\documents\github\zutria-client\src\client\map.cpp(468): error C3254: 'Application' : class contains explicit override 'addCreature' but does not derive from an interface that contains the function declaration
     1>c:\users\francisco\documents\github\zutria-client\src\client\map.cpp(468): error C2838: 'addCreature' : illegal qualified name in member declaration
     1>c:\users\francisco\documents\github\zutria-client\src\client\map.cpp(473): error C3254: 'Application' : class contains explicit override 'getCreatureById' but does not derive from an interface that contains the function declaration
     1>c:\users\francisco\documents\github\zutria-client\src\client\map.cpp(473): error C2838: 'getCreatureById' : illegal qualified name in member declaration
     1>c:\users\francisco\documents\github\zutria-client\src\client\map.cpp(481): error C3254: 'Application' : class contains explicit override 'removeCreatureById' but does not derive from an interface that contains the function declaration
     1>c:\users\francisco\documents\github\zutria-client\src\client\map.cpp(481): error C2838: 'removeCreatureById' : illegal qualified name in member declaration
     1>c:\users\francisco\documents\github\zutria-client\src\client\map.cpp(491): error C3254: 'Application' : class contains explicit override 'removeUnawareThings' but does not derive from an interface that contains the function declaration
     1>c:\users\francisco\documents\github\zutria-client\src\client\map.cpp(491): error C2838: 'removeUnawareThings' : illegal qualified name in member declaration
     1>c:\users\francisco\documents\github\zutria-client\src\client\map.cpp(510): error C3254: 'Application' : class contains explicit override 'setCentralPosition' but does not derive from an interface that contains the function declaration
     1>c:\users\francisco\documents\github\zutria-client\src\client\map.cpp(510): error C2838: 'setCentralPosition' : illegal qualified name in member declaration
     1>c:\users\francisco\documents\github\zutria-client\src\client\map.cpp(545): error C3254: 'Application' : class contains explicit override 'getSightSpectators' but does not derive from an interface that contains the function declaration
     1>c:\users\francisco\documents\github\zutria-client\src\client\map.cpp(545): error C2838: 'getSightSpectators' : illegal qualified name in member declaration
     1>c:\users\francisco\documents\github\zutria-client\src\client\map.cpp(550): error C3254: 'Application' : class contains explicit override 'getSpectators' but does not derive from an interface that contains the function declaration
     1>c:\users\francisco\documents\github\zutria-client\src\client\map.cpp(550): error C2838: 'getSpectators' : illegal qualified name in member declaration
     1>c:\users\francisco\documents\github\zutria-client\src\client\map.cpp(555): error C3254: 'Application' : class contains explicit override 'getSpectatorsInRange' but does not derive from an interface that contains the function declaration
     1>c:\users\francisco\documents\github\zutria-client\src\client\map.cpp(555): error C2838: 'getSpectatorsInRange' : illegal qualified name in member declaration
     1>c:\users\francisco\documents\github\zutria-client\src\client\map.cpp(560): error C3254: 'Application' : class contains explicit override 'getSpectatorsInRangeEx' but does not derive from an interface that contains the function declaration
     1>c:\users\francisco\documents\github\zutria-client\src\client\map.cpp(560): error C2838: 'getSpectatorsInRangeEx' : illegal qualified name in member declaration
     1>c:\users\francisco\documents\github\zutria-client\src\client\map.cpp(591): error C3254: 'Application' : class contains explicit override 'isLookPossible' but does not derive from an interface that contains the function declaration
     1>c:\users\francisco\documents\github\zutria-client\src\client\map.cpp(591): error C2838: 'isLookPossible' : illegal qualified name in member declaration
     1>c:\users\francisco\documents\github\zutria-client\src\client\map.cpp(597): error C3254: 'Application' : class contains explicit override 'isCovered' but does not derive from an interface that contains the function declaration
     1>c:\users\francisco\documents\github\zutria-client\src\client\map.cpp(597): error C2838: 'isCovered' : illegal qualified name in member declaration
     1>c:\users\francisco\documents\github\zutria-client\src\client\map.cpp(610): error C3254: 'Application' : class contains explicit override 'isCompletelyCovered' but does not derive from an interface that contains the function declaration
     1>c:\users\francisco\documents\github\zutria-client\src\client\map.cpp(610): error C2838: 'isCompletelyCovered' : illegal qualified name in member declaration
     1>c:\users\francisco\documents\github\zutria-client\src\client\map.cpp(635): error C3254: 'Application' : class contains explicit override 'isAwareOfPosition' but does not derive from an interface that contains the function declaration
     1>c:\users\francisco\documents\github\zutria-client\src\client\map.cpp(635): error C2838: 'isAwareOfPosition' : illegal qualified name in member declaration
     1>c:\users\francisco\documents\github\zutria-client\src\client\map.cpp(659): error C3254: 'Application' : class contains explicit override 'setAwareRange' but does not derive from an interface that contains the function declaration
     1>c:\users\francisco\documents\github\zutria-client\src\client\map.cpp(659): error C2838: 'setAwareRange' : illegal qualified name in member declaration
     1>c:\users\francisco\documents\github\zutria-client\src\client\map.cpp(665): error C3254: 'Application' : class contains explicit override 'resetAwareRange' but does not derive from an interface that contains the function declaration
     1>c:\users\francisco\documents\github\zutria-client\src\client\map.cpp(665): error C2838: 'resetAwareRange' : illegal qualified name in member declaration
     1>c:\users\francisco\documents\github\zutria-client\src\client\map.cpp(675): error C3254: 'Application' : class contains explicit override 'getFirstAwareFloor' but does not derive from an interface that contains the function declaration
     1>c:\users\francisco\documents\github\zutria-client\src\client\map.cpp(675): error C2838: 'getFirstAwareFloor' : illegal qualified name in member declaration
     1>c:\users\francisco\documents\github\zutria-client\src\client\map.cpp(675): fatal error C1003: error count exceeds 100; stopping compilation
         Generating Code...
         Compiling...
         luavaluecasts.cpp
     1>c:\program files (x86)\microsoft visual studio 12.0\vc\include\xutility(2132): error C4996: 'std::_Copy_impl': Function call with parameters that may be unsafe - this call relies on the caller to check that the passed values are correct. To disable this warning, use -D_SCL_SECURE_NO_WARNINGS. See documentation on how to use Visual C++ 'Checked Iterators'
                 c:\program files (x86)\microsoft visual studio 12.0\vc\include\xutility(2113) : see declaration of 'std::_Copy_impl'
                 c:\users\francisco\documents\ot server\client\otclient-master\src\framework\stdext\packed_storage.h(56) : see reference to function template instantiation '_OutIt std::copy<stdext::packed_storage<uint8,uint8>::value_pair*,stdext::packed_storage<uint8,uint8>::value_pair*>(_InIt,_InIt,_OutIt)' being compiled
                 with
                 [
                     _OutIt=stdext::packed_storage<uint8,uint8>::value_pair *
         ,            _InIt=stdext::packed_storage<uint8,uint8>::value_pair *
                 ]
                 c:\users\francisco\documents\github\zutria-client\src\client\item.h(106) : see reference to function template instantiation 'void stdext::packed_storage<uint8,uint8>::set<uint16>(Key,const T &)' being compiled
                 with
                 [
                     Key=uint8
         ,            T=uint16
                 ]
                 c:\users\francisco\documents\github\zutria-client\src\client\item.h(106) : see reference to function template instantiation 'void stdext::packed_storage<uint8,uint8>::set<uint16>(Key,const T &)' being compiled
                 with
                 [
                     Key=uint8
         ,            T=uint16
                 ]
         luafunctions.cpp
     1>c:\program files (x86)\microsoft visual studio 12.0\vc\include\xutility(2132): error C4996: 'std::_Copy_impl': Function call with parameters that may be unsafe - this call relies on the caller to check that the passed values are correct. To disable this warning, use -D_SCL_SECURE_NO_WARNINGS. See documentation on how to use Visual C++ 'Checked Iterators'
                 c:\program files (x86)\microsoft visual studio 12.0\vc\include\xutility(2113) : see declaration of 'std::_Copy_impl'
                 c:\users\francisco\documents\ot server\client\otclient-master\src\framework\stdext\packed_storage.h(71) : see reference to function template instantiation '_OutIt std::copy<stdext::packed_storage<uint8,uint8>::value_pair*,stdext::packed_storage<uint8,uint8>::value_pair*>(_InIt,_InIt,_OutIt)' being compiled
                 with
                 [
                     _OutIt=stdext::packed_storage<uint8,uint8>::value_pair *
         ,            _InIt=stdext::packed_storage<uint8,uint8>::value_pair *
                 ]
                 c:\users\francisco\documents\ot server\client\otclient-master\src\framework\stdext\packed_storage.h(63) : while compiling class template member function 'bool stdext::packed_storage<uint8,uint8>::remove(Key)'
                 with
                 [
                     Key=uint8
                 ]
                 c:\users\francisco\documents\github\zutria-client\src\client\map.h(160) : see reference to function template instantiation 'bool stdext::packed_storage<uint8,uint8>::remove(Key)' being compiled
                 with
                 [
                     Key=uint8
                 ]
                 c:\users\francisco\documents\github\zutria-client\src\client\item.h(157) : see reference to class template instantiation 'stdext::packed_storage<uint8,uint8>' being compiled
         localplayer.cpp
     1>c:\program files (x86)\microsoft visual studio 12.0\vc\include\xutility(2132): error C4996: 'std::_Copy_impl': Function call with parameters that may be unsafe - this call relies on the caller to check that the passed values are correct. To disable this warning, use -D_SCL_SECURE_NO_WARNINGS. See documentation on how to use Visual C++ 'Checked Iterators'
                 c:\program files (x86)\microsoft visual studio 12.0\vc\include\xutility(2113) : see declaration of 'std::_Copy_impl'
                 c:\users\francisco\documents\ot server\client\otclient-master\src\framework\stdext\packed_storage.h(71) : see reference to function template instantiation '_OutIt std::copy<stdext::packed_storage<uint8,uint8>::value_pair*,stdext::packed_storage<uint8,uint8>::value_pair*>(_InIt,_InIt,_OutIt)' being compiled
                 with
                 [
                     _OutIt=stdext::packed_storage<uint8,uint8>::value_pair *
         ,            _InIt=stdext::packed_storage<uint8,uint8>::value_pair *
                 ]
                 c:\users\francisco\documents\ot server\client\otclient-master\src\framework\stdext\packed_storage.h(63) : while compiling class template member function 'bool stdext::packed_storage<uint8,uint8>::remove(Key)'
                 with
                 [
                     Key=uint8
                 ]
                 c:\users\francisco\documents\github\zutria-client\src\client\map.h(160) : see reference to function template instantiation 'bool stdext::packed_storage<uint8,uint8>::remove(Key)' being compiled
                 with
                 [
                     Key=uint8
                 ]
                 c:\users\francisco\documents\github\zutria-client\src\client\item.h(157) : see reference to class template instantiation 'stdext::packed_storage<uint8,uint8>' being compiled
         itemtype.cpp
     1>c:\program files (x86)\microsoft visual studio 12.0\vc\include\xutility(2132): error C4996: 'std::_Copy_impl': Function call with parameters that may be unsafe - this call relies on the caller to check that the passed values are correct. To disable this warning, use -D_SCL_SECURE_NO_WARNINGS. See documentation on how to use Visual C++ 'Checked Iterators'
                 c:\program files (x86)\microsoft visual studio 12.0\vc\include\xutility(2113) : see declaration of 'std::_Copy_impl'
                 c:\users\francisco\documents\ot server\client\otclient-master\src\framework\stdext\packed_storage.h(56) : see reference to function template instantiation '_OutIt std::copy<stdext::packed_storage<uint8,uint8>::value_pair*,stdext::packed_storage<uint8,uint8>::value_pair*>(_InIt,_InIt,_OutIt)' being compiled
                 with
                 [
                     _OutIt=stdext::packed_storage<uint8,uint8>::value_pair *
         ,            _InIt=stdext::packed_storage<uint8,uint8>::value_pair *
                 ]
                 c:\users\francisco\documents\github\zutria-client\src\client\item.h(106) : see reference to function template instantiation 'void stdext::packed_storage<uint8,uint8>::set<uint16>(Key,const T &)' being compiled
                 with
                 [
                     Key=uint8
         ,            T=uint16
                 ]
                 c:\users\francisco\documents\github\zutria-client\src\client\item.h(106) : see reference to function template instantiation 'void stdext::packed_storage<uint8,uint8>::set<uint16>(Key,const T &)' being compiled
                 with
                 [
                     Key=uint8
         ,            T=uint16
                 ]
         item.cpp
     1>c:\program files (x86)\microsoft visual studio 12.0\vc\include\xutility(2132): error C4996: 'std::_Copy_impl': Function call with parameters that may be unsafe - this call relies on the caller to check that the passed values are correct. To disable this warning, use -D_SCL_SECURE_NO_WARNINGS. See documentation on how to use Visual C++ 'Checked Iterators'
                 c:\program files (x86)\microsoft visual studio 12.0\vc\include\xutility(2113) : see declaration of 'std::_Copy_impl'
                 c:\users\francisco\documents\ot server\client\otclient-master\src\framework\stdext\packed_storage.h(71) : see reference to function template instantiation '_OutIt std::copy<stdext::packed_storage<uint8,uint8>::value_pair*,stdext::packed_storage<uint8,uint8>::value_pair*>(_InIt,_InIt,_OutIt)' being compiled
                 with
                 [
                     _OutIt=stdext::packed_storage<uint8,uint8>::value_pair *
         ,            _InIt=stdext::packed_storage<uint8,uint8>::value_pair *
                 ]
                 c:\users\francisco\documents\ot server\client\otclient-master\src\framework\stdext\packed_storage.h(63) : while compiling class template member function 'bool stdext::packed_storage<uint8,uint8>::remove(Key)'
                 with
                 [
                     Key=uint8
                 ]
                 c:\users\francisco\documents\github\zutria-client\src\client\map.h(160) : see reference to function template instantiation 'bool stdext::packed_storage<uint8,uint8>::remove(Key)' being compiled
                 with
                 [
                     Key=uint8
                 ]
                 c:\users\francisco\documents\github\zutria-client\src\client\item.h(157) : see reference to class template instantiation 'stdext::packed_storage<uint8,uint8>' being compiled
         houses.cpp
     1>c:\program files (x86)\microsoft visual studio 12.0\vc\include\xutility(2132): error C4996: 'std::_Copy_impl': Function call with parameters that may be unsafe - this call relies on the caller to check that the passed values are correct. To disable this warning, use -D_SCL_SECURE_NO_WARNINGS. See documentation on how to use Visual C++ 'Checked Iterators'
                 c:\program files (x86)\microsoft visual studio 12.0\vc\include\xutility(2113) : see declaration of 'std::_Copy_impl'
                 c:\users\francisco\documents\ot server\client\otclient-master\src\framework\stdext\packed_storage.h(71) : see reference to function template instantiation '_OutIt std::copy<stdext::packed_storage<uint8,uint8>::value_pair*,stdext::packed_storage<uint8,uint8>::value_pair*>(_InIt,_InIt,_OutIt)' being compiled
                 with
                 [
                     _OutIt=stdext::packed_storage<uint8,uint8>::value_pair *
         ,            _InIt=stdext::packed_storage<uint8,uint8>::value_pair *
                 ]
                 c:\users\francisco\documents\ot server\client\otclient-master\src\framework\stdext\packed_storage.h(63) : while compiling class template member function 'bool stdext::packed_storage<uint8,uint8>::remove(Key)'
                 with
                 [
                     Key=uint8
                 ]
                 c:\users\francisco\documents\github\zutria-client\src\client\map.h(160) : see reference to function template instantiation 'bool stdext::packed_storage<uint8,uint8>::remove(Key)' being compiled
                 with
                 [
                     Key=uint8
                 ]
                 c:\users\francisco\documents\github\zutria-client\src\client\item.h(157) : see reference to class template instantiation 'stdext::packed_storage<uint8,uint8>' being compiled
         game.cpp
     1>c:\users\francisco\documents\ot server\client\otclient-master\src\framework\core\application.h(58): error C2001: newline in constant
     1>c:\users\francisco\documents\ot server\client\otclient-master\src\framework\core\graphicalapplication.h(32): error C2504: 'Application' : base class undefined
     1>c:\users\francisco\documents\ot server\client\otclient-master\src\framework\core\graphicalapplication.h(70): error C2071: 'Application::g_app' : illegal storage class
     1>c:\users\francisco\documents\github\zutria-client\src\client\game.cpp(40): error C3254: 'Application' : class contains explicit override '{ctor}' but does not derive from an interface that contains the function declaration
     1>c:\users\francisco\documents\github\zutria-client\src\client\game.cpp(40): error C2838: '{ctor}' : illegal qualified name in member declaration
     1>c:\users\francisco\documents\github\zutria-client\src\client\game.cpp(40): error C2535: 'Application::Application(void)' : member function already defined or declared
                 c:\users\francisco\documents\ot server\client\otclient-master\src\framework\core\application.h(33) : see declaration of 'Application::Application'
     1>c:\users\francisco\documents\github\zutria-client\src\client\game.cpp(59): error C3254: 'Application' : class contains explicit override 'init' but does not derive from an interface that contains the function declaration
     1>c:\users\francisco\documents\github\zutria-client\src\client\game.cpp(59): error C2838: 'init' : illegal qualified name in member declaration
     1>c:\users\francisco\documents\github\zutria-client\src\client\game.cpp(64): error C3254: 'Application' : class contains explicit override 'terminate' but does not derive from an interface that contains the function declaration
     1>c:\users\francisco\documents\github\zutria-client\src\client\game.cpp(64): error C2838: 'terminate' : illegal qualified name in member declaration
     1>c:\users\francisco\documents\github\zutria-client\src\client\game.cpp(64): error C2535: 'void Application::terminate(void)' : member function already defined or declared
                 c:\users\francisco\documents\ot server\client\otclient-master\src\framework\core\application.h(38) : see declaration of 'Application::terminate'
     1>c:\users\francisco\documents\github\zutria-client\src\client\game.cpp(70): error C3254: 'Application' : class contains explicit override 'resetGameStates' but does not derive from an interface that contains the function declaration
     1>c:\users\francisco\documents\github\zutria-client\src\client\game.cpp(70): error C2838: 'resetGameStates' : illegal qualified name in member declaration
     1>c:\users\francisco\documents\github\zutria-client\src\client\game.cpp(117): error C3254: 'Application' : class contains explicit override 'processConnectionError' but does not derive from an interface that contains the function declaration
     1>c:\users\francisco\documents\github\zutria-client\src\client\game.cpp(117): error C2838: 'processConnectionError' : illegal qualified name in member declaration
     1>c:\users\francisco\documents\github\zutria-client\src\client\game.cpp(129): error C3254: 'Application' : class contains explicit override 'processDisconnect' but does not derive from an interface that contains the function declaration
     1>c:\users\francisco\documents\github\zutria-client\src\client\game.cpp(129): error C2838: 'processDisconnect' : illegal qualified name in member declaration
     1>c:\users\francisco\documents\github\zutria-client\src\client\game.cpp(140): error C3254: 'Application' : class contains explicit override 'processUpdateNeeded' but does not derive from an interface that contains the function declaration
     1>c:\users\francisco\documents\github\zutria-client\src\client\game.cpp(140): error C2838: 'processUpdateNeeded' : illegal qualified name in member declaration
     1>c:\users\francisco\documents\github\zutria-client\src\client\game.cpp(145): error C3254: 'Application' : class contains explicit override 'processLoginError' but does not derive from an interface that contains the function declaration
     1>c:\users\francisco\documents\github\zutria-client\src\client\game.cpp(145): error C2838: 'processLoginError' : illegal qualified name in member declaration
     1>c:\users\francisco\documents\github\zutria-client\src\client\game.cpp(150): error C3254: 'Application' : class contains explicit override 'processLoginAdvice' but does not derive from an interface that contains the function declaration
     1>c:\users\francisco\documents\github\zutria-client\src\client\game.cpp(150): error C2838: 'processLoginAdvice' : illegal qualified name in member declaration
     1>c:\users\francisco\documents\github\zutria-client\src\client\game.cpp(155): error C3254: 'Application' : class contains explicit override 'processLoginWait' but does not derive from an interface that contains the function declaration
     1>c:\users\francisco\documents\github\zutria-client\src\client\game.cpp(155): error C2838: 'processLoginWait' : illegal qualified name in member declaration
     1>c:\users\francisco\documents\github\zutria-client\src\client\game.cpp(160): error C3254: 'Application' : class contains explicit override 'processLoginToken' but does not derive from an interface that contains the function declaration
     1>c:\users\francisco\documents\github\zutria-client\src\client\game.cpp(160): error C2838: 'processLoginToken' : illegal qualified name in member declaration
     1>c:\users\francisco\documents\github\zutria-client\src\client\game.cpp(165): error C3254: 'Application' : class contains explicit override 'processLogin' but does not derive from an interface that contains the function declaration
     1>c:\users\francisco\documents\github\zutria-client\src\client\game.cpp(165): error C2838: 'processLogin' : illegal qualified name in member declaration
     1>c:\users\francisco\documents\github\zutria-client\src\client\game.cpp(170): error C3254: 'Application' : class contains explicit override 'processPendingGame' but does not derive from an interface that contains the function declaration
     1>c:\users\francisco\documents\github\zutria-client\src\client\game.cpp(170): error C2838: 'processPendingGame' : illegal qualified name in member declaration
     1>c:\users\francisco\documents\github\zutria-client\src\client\game.cpp(177): error C3254: 'Application' : class contains explicit override 'processEnterGame' but does not derive from an interface that contains the function declaration
     1>c:\users\francisco\documents\github\zutria-client\src\client\game.cpp(177): error C2838: 'processEnterGame' : illegal qualified name in member declaration
     1>c:\users\francisco\documents\github\zutria-client\src\client\game.cpp(183): error C3254: 'Application' : class contains explicit override 'processGameStart' but does not derive from an interface that contains the function declaration
     1>c:\users\francisco\documents\github\zutria-client\src\client\game.cpp(183): error C2838: 'processGameStart' : illegal qualified name in member declaration
     1>c:\users\francisco\documents\github\zutria-client\src\client\game.cpp(212): error C3254: 'Application' : class contains explicit override 'processGameEnd' but does not derive from an interface that contains the function declaration
     1>c:\users\francisco\documents\github\zutria-client\src\client\game.cpp(212): error C2838: 'processGameEnd' : illegal qualified name in member declaration
     1>c:\users\francisco\documents\github\zutria-client\src\client\game.cpp(232): error C3254: 'Application' : class contains explicit override 'processDeath' but does not derive from an interface that contains the function declaration
     1>c:\users\francisco\documents\github\zutria-client\src\client\game.cpp(232): error C2838: 'processDeath' : illegal qualified name in member declaration
     1>c:\users\francisco\documents\github\zutria-client\src\client\game.cpp(240): error C3254: 'Application' : class contains explicit override 'processGMActions' but does not derive from an interface that contains the function declaration
     1>c:\users\francisco\documents\github\zutria-client\src\client\game.cpp(240): error C2838: 'processGMActions' : illegal qualified name in member declaration
     1>c:\users\francisco\documents\github\zutria-client\src\client\game.cpp(246): error C3254: 'Application' : class contains explicit override 'processPlayerHelpers' but does not derive from an interface that contains the function declaration
     1>c:\users\francisco\documents\github\zutria-client\src\client\game.cpp(246): error C2838: 'processPlayerHelpers' : illegal qualified name in member declaration
     1>c:\users\francisco\documents\github\zutria-client\src\client\game.cpp(251): error C3254: 'Application' : class contains explicit override 'processPlayerModes' but does not derive from an interface that contains the function declaration
     1>c:\users\francisco\documents\github\zutria-client\src\client\game.cpp(251): error C2838: 'processPlayerModes' : illegal qualified name in member declaration
     1>c:\users\francisco\documents\github\zutria-client\src\client\game.cpp(264): error C3254: 'Application' : class contains explicit override 'processPing' but does not derive from an interface that contains the function declaration
     1>c:\users\francisco\documents\github\zutria-client\src\client\game.cpp(264): error C2838: 'processPing' : illegal qualified name in member declaration
     1>c:\users\francisco\documents\github\zutria-client\src\client\game.cpp(272): error C3254: 'Application' : class contains explicit override 'processPingBack' but does not derive from an interface that contains the function declaration
     1>c:\users\francisco\documents\github\zutria-client\src\client\game.cpp(272): error C2838: 'processPingBack' : illegal qualified name in member declaration
     1>c:\users\francisco\documents\github\zutria-client\src\client\game.cpp(288): error C3254: 'Application' : class contains explicit override 'processTextMessage' but does not derive from an interface that contains the function declaration
     1>c:\users\francisco\documents\github\zutria-client\src\client\game.cpp(288): error C2838: 'processTextMessage' : illegal qualified name in member declaration
     1>c:\users\francisco\documents\github\zutria-client\src\client\game.cpp(293): error C3254: 'Application' : class contains explicit override 'processTalk' but does not derive from an interface that contains the function declaration
     1>c:\users\francisco\documents\github\zutria-client\src\client\game.cpp(293): error C2838: 'processTalk' : illegal qualified name in member declaration
     1>c:\users\francisco\documents\github\zutria-client\src\client\game.cpp(298): error C3254: 'Application' : class contains explicit override 'processOpenContainer' but does not derive from an interface that contains the function declaration
     1>c:\users\francisco\documents\github\zutria-client\src\client\game.cpp(298): error C2838: 'processOpenContainer' : illegal qualified name in member declaration
     1>c:\users\francisco\documents\github\zutria-client\src\client\game.cpp(314): error C3254: 'Application' : class contains explicit override 'processCloseContainer' but does not derive from an interface that contains the function declaration
     1>c:\users\francisco\documents\github\zutria-client\src\client\game.cpp(314): error C2838: 'processCloseContainer' : illegal qualified name in member declaration
     1>c:\users\francisco\documents\github\zutria-client\src\client\game.cpp(325): error C3254: 'Application' : class contains explicit override 'processContainerAddItem' but does not derive from an interface that contains the function declaration
     1>c:\users\francisco\documents\github\zutria-client\src\client\game.cpp(325): error C2838: 'processContainerAddItem' : illegal qualified name in member declaration
     1>c:\users\francisco\documents\github\zutria-client\src\client\game.cpp(335): error C3254: 'Application' : class contains explicit override 'processContainerUpdateItem' but does not derive from an interface that contains the function declaration
     1>c:\users\francisco\documents\github\zutria-client\src\client\game.cpp(335): error C2838: 'processContainerUpdateItem' : illegal qualified name in member declaration
     1>c:\users\francisco\documents\github\zutria-client\src\client\game.cpp(345): error C3254: 'Application' : class contains explicit override 'processContainerRemoveItem' but does not derive from an interface that contains the function declaration
     1>c:\users\francisco\documents\github\zutria-client\src\client\game.cpp(345): error C2838: 'processContainerRemoveItem' : illegal qualified name in member declaration
     1>c:\users\francisco\documents\github\zutria-client\src\client\game.cpp(355): error C3254: 'Application' : class contains explicit override 'processInventoryChange' but does not derive from an interface that contains the function declaration
     1>c:\users\francisco\documents\github\zutria-client\src\client\game.cpp(355): error C2838: 'processInventoryChange' : illegal qualified name in member declaration
     1>c:\users\francisco\documents\github\zutria-client\src\client\game.cpp(363): error C3254: 'Application' : class contains explicit override 'processChannelList' but does not derive from an interface that contains the function declaration
     1>c:\users\francisco\documents\github\zutria-client\src\client\game.cpp(363): error C2838: 'processChannelList' : illegal qualified name in member declaration
     1>c:\users\francisco\documents\github\zutria-client\src\client\game.cpp(368): error C3254: 'Application' : class contains explicit override 'processOpenChannel' but does not derive from an interface that contains the function declaration
     1>c:\users\francisco\documents\github\zutria-client\src\client\game.cpp(368): error C2838: 'processOpenChannel' : illegal qualified name in member declaration
     1>c:\users\francisco\documents\github\zutria-client\src\client\game.cpp(373): error C3254: 'Application' : class contains explicit override 'processOpenPrivateChannel' but does not derive from an interface that contains the function declaration
     1>c:\users\francisco\documents\github\zutria-client\src\client\game.cpp(373): error C2838: 'processOpenPrivateChannel' : illegal qualified name in member declaration
     1>c:\users\francisco\documents\github\zutria-client\src\client\game.cpp(378): error C3254: 'Application' : class contains explicit override 'processOpenOwnPrivateChannel' but does not derive from an interface that contains the function declaration
     1>c:\users\francisco\documents\github\zutria-client\src\client\game.cpp(378): error C2838: 'processOpenOwnPrivateChannel' : illegal qualified name in member declaration
     1>c:\users\francisco\documents\github\zutria-client\src\client\game.cpp(383): error C3254: 'Application' : class contains explicit override 'processCloseChannel' but does not derive from an interface that contains the function declaration
     1>c:\users\francisco\documents\github\zutria-client\src\client\game.cpp(383): error C2838: 'processCloseChannel' : illegal qualified name in member declaration
     1>c:\users\francisco\documents\github\zutria-client\src\client\game.cpp(388): error C3254: 'Application' : class contains explicit override 'processRuleViolationChannel' but does not derive from an interface that contains the function declaration
     1>c:\users\francisco\documents\github\zutria-client\src\client\game.cpp(388): error C2838: 'processRuleViolationChannel' : illegal qualified name in member declaration
     1>c:\users\francisco\documents\github\zutria-client\src\client\game.cpp(393): error C3254: 'Application' : class contains explicit override 'processRuleViolationRemove' but does not derive from an interface that contains the function declaration
     1>c:\users\francisco\documents\github\zutria-client\src\client\game.cpp(393): error C2838: 'processRuleViolationRemove' : illegal qualified name in member declaration
     1>c:\users\francisco\documents\github\zutria-client\src\client\game.cpp(398): error C3254: 'Application' : class contains explicit override 'processRuleViolationCancel' but does not derive from an interface that contains the function declaration
     1>c:\users\francisco\documents\github\zutria-client\src\client\game.cpp(398): error C2838: 'processRuleViolationCancel' : illegal qualified name in member declaration
     1>c:\users\francisco\documents\github\zutria-client\src\client\game.cpp(403): error C3254: 'Application' : class contains explicit override 'processRuleViolationLock' but does not derive from an interface that contains the function declaration
     1>c:\users\francisco\documents\github\zutria-client\src\client\game.cpp(403): error C2838: 'processRuleViolationLock' : illegal qualified name in member declaration
     1>c:\users\francisco\documents\github\zutria-client\src\client\game.cpp(408): error C3254: 'Application' : class contains explicit override 'processVipAdd' but does not derive from an interface that contains the function declaration
     1>c:\users\francisco\documents\github\zutria-client\src\client\game.cpp(408): error C2838: 'processVipAdd' : illegal qualified name in member declaration
     1>c:\users\francisco\documents\github\zutria-client\src\client\game.cpp(414): error C3254: 'Application' : class contains explicit override 'processVipStateChange' but does not derive from an interface that contains the function declaration
     1>c:\users\francisco\documents\github\zutria-client\src\client\game.cpp(414): error C2838: 'processVipStateChange' : illegal qualified name in member declaration
     1>c:\users\francisco\documents\github\zutria-client\src\client\game.cpp(420): error C3254: 'Application' : class contains explicit override 'processTutorialHint' but does not derive from an interface that contains the function declaration
     1>c:\users\francisco\documents\github\zutria-client\src\client\game.cpp(420): error C2838: 'processTutorialHint' : illegal qualified name in member declaration
     1>c:\users\francisco\documents\github\zutria-client\src\client\game.cpp(425): error C3254: 'Application' : class contains explicit override 'processAddAutomapFlag' but does not derive from an interface that contains the function declaration
     1>c:\users\francisco\documents\github\zutria-client\src\client\game.cpp(425): error C2838: 'processAddAutomapFlag' : illegal qualified name in member declaration
     1>c:\users\francisco\documents\github\zutria-client\src\client\game.cpp(430): error C3254: 'Application' : class contains explicit override 'processRemoveAutomapFlag' but does not derive from an interface that contains the function declaration
     1>c:\users\francisco\documents\github\zutria-client\src\client\game.cpp(430): error C2838: 'processRemoveAutomapFlag' : illegal qualified name in member declaration
     1>c:\users\francisco\documents\github\zutria-client\src\client\game.cpp(436): error C3254: 'Application' : class contains explicit override 'processOpenOutfitWindow' but does not derive from an interface that contains the function declaration
     1>c:\users\francisco\documents\github\zutria-client\src\client\game.cpp(436): error C2838: 'processOpenOutfitWindow' : illegal qualified name in member declaration
     1>c:\users\francisco\documents\github\zutria-client\src\client\game.cpp(466): error C3254: 'Application' : class contains explicit override 'processOpenNpcTrade' but does not derive from an interface that contains the function declaration
     1>c:\users\francisco\documents\github\zutria-client\src\client\game.cpp(466): error C2838: 'processOpenNpcTrade' : illegal qualified name in member declaration
     1>c:\users\francisco\documents\github\zutria-client\src\client\game.cpp(471): error C3254: 'Application' : class contains explicit override 'processPlayerGoods' but does not derive from an interface that contains the function declaration
     1>c:\users\francisco\documents\github\zutria-client\src\client\game.cpp(471): error C2838: 'processPlayerGoods' : illegal qualified name in member declaration
     1>c:\users\francisco\documents\github\zutria-client\src\client\game.cpp(476): error C3254: 'Application' : class contains explicit override 'processCloseNpcTrade' but does not derive from an interface that contains the function declaration
     1>c:\users\francisco\documents\github\zutria-client\src\client\game.cpp(476): error C2838: 'processCloseNpcTrade' : illegal qualified name in member declaration
     1>c:\users\francisco\documents\github\zutria-client\src\client\game.cpp(476): fatal error C1003: error count exceeds 100; stopping compilation
         effect.cpp
     1>c:\program files (x86)\microsoft visual studio 12.0\vc\include\xutility(2132): error C4996: 'std::_Copy_impl': Function call with parameters that may be unsafe - this call relies on the caller to check that the passed values are correct. To disable this warning, use -D_SCL_SECURE_NO_WARNINGS. See documentation on how to use Visual C++ 'Checked Iterators'
                 c:\program files (x86)\microsoft visual studio 12.0\vc\include\xutility(2113) : see declaration of 'std::_Copy_impl'
                 c:\users\francisco\documents\ot server\client\otclient-master\src\framework\stdext\packed_storage.h(71) : see reference to function template instantiation '_OutIt std::copy<stdext::packed_storage<uint8,uint8>::value_pair*,stdext::packed_storage<uint8,uint8>::value_pair*>(_InIt,_InIt,_OutIt)' being compiled
                 with
                 [
                     _OutIt=stdext::packed_storage<uint8,uint8>::value_pair *
         ,            _InIt=stdext::packed_storage<uint8,uint8>::value_pair *
                 ]
                 c:\users\francisco\documents\ot server\client\otclient-master\src\framework\stdext\packed_storage.h(63) : while compiling class template member function 'bool stdext::packed_storage<uint8,uint8>::remove(Key)'
                 with
                 [
                     Key=uint8
                 ]
                 c:\users\francisco\documents\github\zutria-client\src\client\map.h(160) : see reference to function template instantiation 'bool stdext::packed_storage<uint8,uint8>::remove(Key)' being compiled
                 with
                 [
                     Key=uint8
                 ]
                 c:\users\francisco\documents\github\zutria-client\src\client\item.h(157) : see reference to class template instantiation 'stdext::packed_storage<uint8,uint8>' being compiled
         creatures.cpp
     1>c:\program files (x86)\microsoft visual studio 12.0\vc\include\xutility(2132): error C4996: 'std::_Copy_impl': Function call with parameters that may be unsafe - this call relies on the caller to check that the passed values are correct. To disable this warning, use -D_SCL_SECURE_NO_WARNINGS. See documentation on how to use Visual C++ 'Checked Iterators'
                 c:\program files (x86)\microsoft visual studio 12.0\vc\include\xutility(2113) : see declaration of 'std::_Copy_impl'
                 c:\users\francisco\documents\ot server\client\otclient-master\src\framework\stdext\packed_storage.h(71) : see reference to function template instantiation '_OutIt std::copy<stdext::packed_storage<uint8,uint8>::value_pair*,stdext::packed_storage<uint8,uint8>::value_pair*>(_InIt,_InIt,_OutIt)' being compiled
                 with
                 [
                     _OutIt=stdext::packed_storage<uint8,uint8>::value_pair *
         ,            _InIt=stdext::packed_storage<uint8,uint8>::value_pair *
                 ]
                 c:\users\francisco\documents\ot server\client\otclient-master\src\framework\stdext\packed_storage.h(63) : while compiling class template member function 'bool stdext::packed_storage<uint8,uint8>::remove(Key)'
                 with
                 [
                     Key=uint8
                 ]
                 c:\users\francisco\documents\github\zutria-client\src\client\map.h(160) : see reference to function template instantiation 'bool stdext::packed_storage<uint8,uint8>::remove(Key)' being compiled
                 with
                 [
                     Key=uint8
                 ]
                 c:\users\francisco\documents\github\zutria-client\src\client\item.h(157) : see reference to class template instantiation 'stdext::packed_storage<uint8,uint8>' being compiled
         creature.cpp
     1>c:\program files (x86)\microsoft visual studio 12.0\vc\include\xutility(2132): error C4996: 'std::_Copy_impl': Function call with parameters that may be unsafe - this call relies on the caller to check that the passed values are correct. To disable this warning, use -D_SCL_SECURE_NO_WARNINGS. See documentation on how to use Visual C++ 'Checked Iterators'
                 c:\program files (x86)\microsoft visual studio 12.0\vc\include\xutility(2113) : see declaration of 'std::_Copy_impl'
                 c:\users\francisco\documents\ot server\client\otclient-master\src\framework\stdext\packed_storage.h(71) : see reference to function template instantiation '_OutIt std::copy<stdext::packed_storage<uint8,uint8>::value_pair*,stdext::packed_storage<uint8,uint8>::value_pair*>(_InIt,_InIt,_OutIt)' being compiled
                 with
                 [
                     _OutIt=stdext::packed_storage<uint8,uint8>::value_pair *
         ,            _InIt=stdext::packed_storage<uint8,uint8>::value_pair *
                 ]
                 c:\users\francisco\documents\ot server\client\otclient-master\src\framework\stdext\packed_storage.h(63) : while compiling class template member function 'bool stdext::packed_storage<uint8,uint8>::remove(Key)'
                 with
                 [
                     Key=uint8
                 ]
                 c:\users\francisco\documents\github\zutria-client\src\client\map.h(160) : see reference to function template instantiation 'bool stdext::packed_storage<uint8,uint8>::remove(Key)' being compiled
                 with
                 [
                     Key=uint8
                 ]
                 c:\users\francisco\documents\github\zutria-client\src\client\item.h(157) : see reference to class template instantiation 'stdext::packed_storage<uint8,uint8>' being compiled
         container.cpp
     1>c:\program files (x86)\microsoft visual studio 12.0\vc\include\xutility(2132): error C4996: 'std::_Copy_impl': Function call with parameters that may be unsafe - this call relies on the caller to check that the passed values are correct. To disable this warning, use -D_SCL_SECURE_NO_WARNINGS. See documentation on how to use Visual C++ 'Checked Iterators'
                 c:\program files (x86)\microsoft visual studio 12.0\vc\include\xutility(2113) : see declaration of 'std::_Copy_impl'
                 c:\users\francisco\documents\ot server\client\otclient-master\src\framework\stdext\packed_storage.h(56) : see reference to function template instantiation '_OutIt std::copy<stdext::packed_storage<uint8,uint8>::value_pair*,stdext::packed_storage<uint8,uint8>::value_pair*>(_InIt,_InIt,_OutIt)' being compiled
                 with
                 [
                     _OutIt=stdext::packed_storage<uint8,uint8>::value_pair *
         ,            _InIt=stdext::packed_storage<uint8,uint8>::value_pair *
                 ]
                 c:\users\francisco\documents\github\zutria-client\src\client\item.h(106) : see reference to function template instantiation 'void stdext::packed_storage<uint8,uint8>::set<uint16>(Key,const T &)' being compiled
                 with
                 [
                     Key=uint8
         ,            T=uint16
                 ]
                 c:\users\francisco\documents\github\zutria-client\src\client\item.h(106) : see reference to function template instantiation 'void stdext::packed_storage<uint8,uint8>::set<uint16>(Key,const T &)' being compiled
                 with
                 [
                     Key=uint8
         ,            T=uint16
                 ]
         client.cpp
     1>c:\program files (x86)\microsoft visual studio 12.0\vc\include\xutility(2132): error C4996: 'std::_Copy_impl': Function call with parameters that may be unsafe - this call relies on the caller to check that the passed values are correct. To disable this warning, use -D_SCL_SECURE_NO_WARNINGS. See documentation on how to use Visual C++ 'Checked Iterators'
                 c:\program files (x86)\microsoft visual studio 12.0\vc\include\xutility(2113) : see declaration of 'std::_Copy_impl'
                 c:\users\francisco\documents\ot server\client\otclient-master\src\framework\stdext\packed_storage.h(71) : see reference to function template instantiation '_OutIt std::copy<stdext::packed_storage<uint8,uint8>::value_pair*,stdext::packed_storage<uint8,uint8>::value_pair*>(_InIt,_InIt,_OutIt)' being compiled
                 with
                 [
                     _OutIt=stdext::packed_storage<uint8,uint8>::value_pair *
         ,            _InIt=stdext::packed_storage<uint8,uint8>::value_pair *
                 ]
                 c:\users\francisco\documents\ot server\client\otclient-master\src\framework\stdext\packed_storage.h(63) : while compiling class template member function 'bool stdext::packed_storage<uint8,uint8>::remove(Key)'
                 with
                 [
                     Key=uint8
                 ]
                 c:\users\francisco\documents\github\zutria-client\src\client\map.h(160) : see reference to function template instantiation 'bool stdext::packed_storage<uint8,uint8>::remove(Key)' being compiled
                 with
                 [
                     Key=uint8
                 ]
                 c:\users\francisco\documents\github\zutria-client\src\client\item.h(157) : see reference to class template instantiation 'stdext::packed_storage<uint8,uint8>' being compiled
         animatedtext.cpp
     1>c:\program files (x86)\microsoft visual studio 12.0\vc\include\xutility(2132): error C4996: 'std::_Copy_impl': Function call with parameters that may be unsafe - this call relies on the caller to check that the passed values are correct. To disable this warning, use -D_SCL_SECURE_NO_WARNINGS. See documentation on how to use Visual C++ 'Checked Iterators'
                 c:\program files (x86)\microsoft visual studio 12.0\vc\include\xutility(2113) : see declaration of 'std::_Copy_impl'
                 c:\users\francisco\documents\ot server\client\otclient-master\src\framework\stdext\packed_storage.h(71) : see reference to function template instantiation '_OutIt std::copy<stdext::packed_storage<uint8,uint8>::value_pair*,stdext::packed_storage<uint8,uint8>::value_pair*>(_InIt,_InIt,_OutIt)' being compiled
                 with
                 [
                     _OutIt=stdext::packed_storage<uint8,uint8>::value_pair *
         ,            _InIt=stdext::packed_storage<uint8,uint8>::value_pair *
                 ]
                 c:\users\francisco\documents\ot server\client\otclient-master\src\framework\stdext\packed_storage.h(63) : while compiling class template member function 'bool stdext::packed_storage<uint8,uint8>::remove(Key)'
                 with
                 [
                     Key=uint8
                 ]
                 c:\users\francisco\documents\github\zutria-client\src\client\map.h(160) : see reference to function template instantiation 'bool stdext::packed_storage<uint8,uint8>::remove(Key)' being compiled
                 with
                 [
                     Key=uint8
                 ]
                 c:\users\francisco\documents\github\zutria-client\src\client\item.h(157) : see reference to class template instantiation 'stdext::packed_storage<uint8,uint8>' being compiled
         Generating Code...
     1>Done Building Project "C:\Users\francisco\Documents\GitHub\Zutria-client\vc12\otclient.vcxproj" (Build target(s)) -- FAILED.

Build FAILED.

Time Elapsed 00:01:54.69
